DataLoader complete! <torch.utils.data.dataloader.DataLoader object at 0x7f3cd6ad13d0>
DataLoader complete! <torch.utils.data.dataloader.DataLoader object at 0x7f3cd6ad1550>
Load pretrained resnet50 completed!
Total Epochs: 25
Epoch 1 - Step 19, loss_total 6.68630456924
Epoch 1 - Step 39, loss_total 6.43028259277
Epoch 1 - Step 59, loss_total 6.27572774887
Epoch 1 - Step 79, loss_total 6.21343564987
Epoch 1 - Step 99, loss_total 6.16202545166
Epoch 1 - Step 119, loss_total 6.14395284653
Epoch 1 - Step 139, loss_total 6.08296251297
Epoch 1 - Step 159, loss_total 6.17070531845
Epoch 1 - Step 179, loss_total 6.05944156647
Epoch 1 - Step 199, loss_total 6.04076147079
Epoch 1 - Step 219, loss_total 6.08217096329
Epoch 1 - Step 239, loss_total 6.06856107712
Epoch 1 - Step 259, loss_total 5.99189710617
Epoch 1 - Step 279, loss_total 6.03861761093
Epoch 1 - Step 299, loss_total 5.98472166061
Epoch 1 - Step 319, loss_total 6.01983976364
Epoch 1 - Step 339, loss_total 5.98119020462
Epoch 1 - Step 359, loss_total 5.92910575867
Epoch 1 - Step 379, loss_total 6.00550842285
Epoch 1 - Step 399, loss_total 6.00552892685
Epoch 1 - Step 419, loss_total 5.98624324799
Epoch 1 - Step 439, loss_total 6.00708913803
Epoch 1 - Step 459, loss_total 5.91268920898
Epoch 1 - Step 479, loss_total 5.9902048111
Epoch 1 - Step 499, loss_total 5.90660429001
Epoch 1 - Step 519, loss_total 5.9039888382
Epoch 1 - Step 539, loss_total 5.90358066559
Epoch 1 - Step 559, loss_total 5.91952991486
Epoch 1 - Step 579, loss_total 5.92790937424
Epoch 1 - Step 599, loss_total 5.93225955963
Epoch 1 - Step 619, loss_total 5.90320253372
Epoch 1 - Step 639, loss_total 5.96086072922
Epoch 1 - Step 659, loss_total 5.89679861069
Epoch 1 - Step 679, loss_total 5.90359640121
Epoch 1 - Step 699, loss_total 5.91477155685
Epoch 1 - Step 719, loss_total 5.92092895508
Epoch 1 - Step 739, loss_total 5.84976863861
Epoch 1 - Step 759, loss_total 5.87449407578
Epoch 1 - Step 779, loss_total 5.88491201401
Epoch 1 - Step 799, loss_total 5.8412733078
Epoch 1 - Step 819, loss_total 5.92695569992
Epoch 1 - Step 839, loss_total 5.84192037582
Epoch 1 - Step 859, loss_total 5.83385753632
Epoch 1 - Step 879, loss_total 5.90573596954
Epoch 1 - Step 899, loss_total 5.84351825714
Epoch 1 - Step 919, loss_total 5.82153224945
Epoch 1 - Step 939, loss_total 5.87136125565
Epoch 1 - Step 959, loss_total 5.83583402634
Epoch 1 - Step 979, loss_total 5.82259702682
Epoch 1 - Step 999, loss_total 5.93929862976
Epoch 1 - Step 1019, loss_total 5.87077045441
Epoch 1 - Step 1039, loss_total 5.82813596725
Epoch 1 - Step 1059, loss_total 5.87527608871
Epoch 1 - Step 1079, loss_total 5.87372684479
Epoch 1 - Step 1099, loss_total 5.86488771439
Epoch 1 - Step 1119, loss_total 5.80127906799
Epoch 1 - Step 1139, loss_total 5.80144071579
Epoch 1 - Step 1159, loss_total 5.86347579956
Epoch 1 - Step 1179, loss_total 5.76759433746
Epoch 1 - Step 1199, loss_total 5.84444189072
Epoch 1 - Step 1219, loss_total 5.85751867294
Epoch 1 - Step 1239, loss_total 5.75443649292
Epoch 1 - Step 1259, loss_total 5.78242731094
Epoch 1 - Step 1279, loss_total 5.79703760147
Epoch 1 - Step 1299, loss_total 5.78410673141
Epoch 1 - Step 1319, loss_total 5.83050489426
Epoch 1 - Step 1339, loss_total 5.74779319763
Epoch 1 - Step 1359, loss_total 5.81022787094
Epoch 1 - Step 1379, loss_total 5.80540800095
Epoch 1 - Step 1399, loss_total 5.76458120346
Epoch 1 - Step 1419, loss_total 5.81516599655
Epoch 1 - Step 1439, loss_total 5.71133089066
Epoch 1 - Step 1459, loss_total 5.78980731964
Epoch 1 - Step 1479, loss_total 5.82127189636
Epoch 1 - Step 1499, loss_total 5.7366104126
Epoch 1 - Step 1519, loss_total 5.74118709564
Epoch 1 - Step 1539, loss_total 5.83136510849
Epoch 1 - Step 1559, loss_total 5.77842235565
Epoch 1 - Step 1579, loss_total 5.75876188278
Epoch 1 - Step 1599, loss_total 5.77461004257
Epoch 1 - Step 1619, loss_total 5.81312704086
Epoch 1 - Step 1639, loss_total 5.79535102844
Epoch 1 - Step 1659, loss_total 5.76156997681
Epoch 1 - Step 1679, loss_total 5.80018949509
Epoch 1 - Step 1699, loss_total 5.79397535324
Epoch 1 - Step 1719, loss_total 5.73925256729
Epoch 1 - Step 1739, loss_total 5.78600263596
Epoch 1 - Step 1759, loss_total 5.73588705063
Epoch 1 - Step 1779, loss_total 5.74465084076
Epoch 1 - Step 1799, loss_total 5.75646734238
Epoch 1 - Step 1819, loss_total 5.76501941681
Epoch 1 - Step 1839, loss_total 5.77202653885
Epoch 1 - Step 1859, loss_total 5.71205759048
Epoch 1 - Step 1879, loss_total 5.79798269272
Epoch 1 - Step 1899, loss_total 5.77675390244
Epoch 1 - Step 1919, loss_total 5.76246166229
Epoch 1 - Step 1939, loss_total 5.7809844017
Epoch 1 - Step 1959, loss_total 5.74029445648
Epoch 1 - Step 1979, loss_total 5.74725103378
Epoch 1 - Step 1999, loss_total 5.78594398499
Epoch 1 - Step 2019, loss_total 5.78080224991
Epoch 1 - Step 2039, loss_total 5.73928642273
Epoch 1 - Step 2059, loss_total 5.76999902725
Epoch 1 - Step 2079, loss_total 5.75717401505
Epoch 1 - Step 2099, loss_total 5.71814632416
Epoch 1 - Step 2119, loss_total 5.75661849976
Epoch 1 - Step 2139, loss_total 5.76857709885
Epoch 1 - Step 2159, loss_total 5.67554330826
Epoch 1 - Step 2179, loss_total 5.76873970032
Epoch 1 - Step 2199, loss_total 5.74963998795
Epoch 1 - Step 2219, loss_total 5.69505548477
Epoch 1 - Step 2239, loss_total 5.68448066711
Epoch 1 - Step 2259, loss_total 5.70030736923
Epoch 1 - Step 2279, loss_total 5.74280452728
Epoch 1 - Step 2299, loss_total 5.72697019577
Epoch 1 - Step 2319, loss_total 5.70216941833
Epoch 1 - Step 2339, loss_total 5.68815851212
Epoch 1 - Step 2359, loss_total 5.67895698547
Epoch 1 - Step 2379, loss_total 5.68387460709
Epoch 1 - Step 2399, loss_total 5.67977190018
Epoch 1 - Step 2419, loss_total 5.75607919693
Epoch 1 - Step 2439, loss_total 5.72879362106
Epoch 1 - Step 2459, loss_total 5.78109312057
Epoch 1 - Step 2479, loss_total 5.72766971588
Epoch 1 - Step 2499, loss_total 5.7189745903
Epoch 1 - Step 2519, loss_total 5.6561217308
Epoch 1 - Step 2539, loss_total 5.71016645432
Epoch 1 - Step 2559, loss_total 5.66510295868
Epoch 1 - Step 2579, loss_total 5.74477243423
Epoch 1 - Step 2599, loss_total 5.77305841446
Epoch 1 - Step 2619, loss_total 5.69931936264
Epoch 1 - Step 2639, loss_total 5.69972085953
Epoch 1 - Step 2659, loss_total 5.72356987
Epoch 1 - Step 2679, loss_total 5.66983795166
Epoch 1 - Step 2699, loss_total 5.65329885483
Epoch 1 - Step 2719, loss_total 5.67680931091
Epoch 1 - Step 2739, loss_total 5.64961099625
Epoch 1 - Step 2759, loss_total 5.70325613022
Epoch 1 - Step 2779, loss_total 5.81561231613
Epoch 1 - Step 2799, loss_total 5.63396215439
Epoch 1 - Step 2819, loss_total 5.69126176834
Epoch 1 - Step 2839, loss_total 5.70209360123
Epoch 1 - Step 2859, loss_total 5.68515777588
Epoch 1 - Step 2879, loss_total 5.6743812561
Epoch 1 - Step 2899, loss_total 5.66149616241
Epoch 1 - Step 2919, loss_total 5.68711090088
Epoch 1 - Step 2939, loss_total 5.68796205521
Epoch 1 - Step 2959, loss_total 5.70194625854
Epoch 1 - Step 2979, loss_total 5.65754938126
Epoch 1 - Step 2999, loss_total 5.70072937012
Validation After Epoch 1 - step 3000
           IoU      on validation set:  0.19061791877532525
less than 2:  0
Epoch 1 - Step 3019, loss_total 5.65417432785
Epoch 1 - Step 3039, loss_total 5.71369457245
Epoch 1 - Step 3059, loss_total 5.60836791992
Epoch 1 - Step 3079, loss_total 5.6979341507
Epoch 1 - Step 3099, loss_total 5.65730810165
Epoch 1 - Step 3119, loss_total 5.596991539
Epoch 1 - Step 3139, loss_total 5.7019867897
Epoch 1 - Step 3159, loss_total 5.70773839951
Epoch 1 - Step 3179, loss_total 5.7427816391
Epoch 1 - Step 3199, loss_total 5.67278289795
Epoch 1 - Step 3219, loss_total 5.65114164352
Epoch 1 - Step 3239, loss_total 5.65483808517
Epoch 1 - Step 3259, loss_total 5.64646434784
Epoch 1 - Step 3279, loss_total 5.73549795151
Epoch 1 - Step 3299, loss_total 5.58199834824
Epoch 1 - Step 3319, loss_total 5.58134555817
Epoch 1 - Step 3339, loss_total 5.69290018082
Epoch 1 - Step 3359, loss_total 5.58400917053
Epoch 1 - Step 3379, loss_total 5.63770294189
Epoch 1 - Step 3399, loss_total 5.71443939209
Epoch 1 - Step 3419, loss_total 5.57007074356
Epoch 1 - Step 3439, loss_total 5.74149179459
Epoch 1 - Step 3459, loss_total 5.69868421555
Epoch 1 - Step 3479, loss_total 5.68655729294
Epoch 1 - Step 3499, loss_total 5.68790197372
Epoch 1 - Step 3519, loss_total 5.66311502457
Epoch 1 - Step 3539, loss_total 5.59632444382
Epoch 1 - Step 3559, loss_total 5.50061893463
Epoch 1 - Step 3579, loss_total 5.68181705475
Epoch 1 - Step 3599, loss_total 5.59762048721
Epoch 1 - Step 3619, loss_total 5.66976928711
Epoch 1 - Step 3639, loss_total 5.69449996948
Epoch 1 - Step 3659, loss_total 5.62569236755
Epoch 1 - Step 3679, loss_total 5.61647510529
Epoch 1 - Step 3699, loss_total 5.62375593185
Epoch 1 - Step 3719, loss_total 5.64592933655
Epoch 1 - Step 3739, loss_total 5.64261198044
Epoch 1 - Step 3759, loss_total 5.73259449005
Epoch 1 - Step 3779, loss_total 5.65136241913
Epoch 1 - Step 3799, loss_total 5.65352869034
Epoch 1 - Step 3819, loss_total 5.61143398285
Epoch 1 - Step 3839, loss_total 5.67676496506
Epoch 1 - Step 3859, loss_total 5.59524869919
Epoch 1 - Step 3879, loss_total 5.63234329224
Epoch 1 - Step 3899, loss_total 5.54944038391
Epoch 1 - Step 3919, loss_total 5.65868330002
Epoch 1 - Step 3939, loss_total 5.58630228043
Epoch 1 - Step 3959, loss_total 5.61388158798
Epoch 1 - Step 3979, loss_total 5.59705162048
Epoch 1 - Step 3999, loss_total 5.6891002655
Epoch 1 - Step 4019, loss_total 5.62444067001
Epoch 1 - Step 4039, loss_total 5.65269470215
Epoch 1 - Step 4059, loss_total 5.59574222565
Epoch 1 - Step 4079, loss_total 5.64172029495
Epoch 1 - Step 4099, loss_total 5.62358474731
Epoch 1 - Step 4119, loss_total 5.62721586227
Epoch 1 - Step 4139, loss_total 5.65891981125
Epoch 1 - Step 4159, loss_total 5.64012861252
Epoch 1 - Step 4179, loss_total 5.66924858093
Epoch 1 - Step 4199, loss_total 5.66618537903
Epoch 1 - Step 4219, loss_total 5.62126302719
Epoch 1 - Step 4239, loss_total 5.64051675797
Epoch 1 - Step 4259, loss_total 5.58479881287
Epoch 1 - Step 4279, loss_total 5.62165403366
Epoch 1 - Step 4299, loss_total 5.66957855225
Epoch 1 - Step 4319, loss_total 5.64818525314
Epoch 1 - Step 4339, loss_total 5.65361690521
Epoch 1 - Step 4359, loss_total 5.5971660614
Epoch 1 - Step 4379, loss_total 5.58463668823
Epoch 1 - Step 4399, loss_total 5.57595586777
Epoch 1 - Step 4419, loss_total 5.56168889999
Epoch 1 - Step 4439, loss_total 5.65572500229
Epoch 1 - Step 4459, loss_total 5.62507724762
Epoch 1 - Step 4479, loss_total 5.61732339859
Epoch 1 - Step 4499, loss_total 5.55667638779
Epoch 1 - Step 4519, loss_total 5.714158535
Epoch 1 - Step 4539, loss_total 5.5522108078
Epoch 1 - Step 4559, loss_total 5.63095188141
Epoch 1 - Step 4579, loss_total 5.6597738266
Epoch 1 - Step 4599, loss_total 5.61225175858
Epoch 1 - Step 4619, loss_total 5.61118078232
Epoch 1 - Step 4639, loss_total 5.5884642601
Epoch 1 - Step 4659, loss_total 5.6061167717
Epoch 1 - Step 4679, loss_total 5.64751243591
Epoch 1 - Step 4699, loss_total 5.56611919403
Epoch 1 - Step 4719, loss_total 5.60398387909
Epoch 1 - Step 4739, loss_total 5.59946584702
Epoch 1 - Step 4759, loss_total 5.61366891861
Epoch 1 - Step 4779, loss_total 5.57286882401
Epoch 1 - Step 4799, loss_total 5.5968079567
Epoch 1 - Step 4819, loss_total 5.66639566422
Epoch 1 - Step 4839, loss_total 5.59564590454
Epoch 1 - Step 4859, loss_total 5.51414012909
Epoch 1 - Step 4879, loss_total 5.60210132599
Epoch 1 - Step 4899, loss_total 5.54135847092
Epoch 1 - Step 4919, loss_total 5.53925609589
Epoch 1 - Step 4939, loss_total 5.67220258713
Epoch 1 - Step 4959, loss_total 5.62141036987
Epoch 1 - Step 4979, loss_total 5.6402964592
Epoch 1 - Step 4999, loss_total 5.61141681671
Epoch 1 - Step 5019, loss_total 5.52099943161
Epoch 1 - Step 5039, loss_total 5.60195493698
Epoch 1 - Step 5059, loss_total 5.53955602646
Epoch 1 - Step 5079, loss_total 5.66879224777
Epoch 1 - Step 5099, loss_total 5.60413455963
Epoch 1 - Step 5119, loss_total 5.59695529938
Epoch 1 - Step 5139, loss_total 5.65681505203
Epoch 1 - Step 5159, loss_total 5.6811914444
Epoch 1 - Step 5179, loss_total 5.61386489868
Epoch 1 - Step 5199, loss_total 5.59543991089
Epoch 1 - Step 5219, loss_total 5.59743738174
Epoch 1 - Step 5239, loss_total 5.63972997665
Epoch 1 - Step 5259, loss_total 5.56648874283
Epoch 1 - Step 5279, loss_total 5.54754590988
Epoch 1 - Step 5299, loss_total 5.61419391632
Epoch 1 - Step 5319, loss_total 5.57321834564
Epoch 1 - Step 5339, loss_total 5.61867046356
Epoch 1 - Step 5359, loss_total 5.55647945404
Epoch 1 - Step 5379, loss_total 5.6006231308
Epoch 1 - Step 5399, loss_total 5.62376832962
Epoch 1 - Step 5419, loss_total 5.52615022659
Epoch 1 - Step 5439, loss_total 5.5450463295
Epoch 1 - Step 5459, loss_total 5.53271627426
Epoch 1 - Step 5479, loss_total 5.57250547409
Epoch 1 - Step 5499, loss_total 5.61093521118
Epoch 1 - Step 5519, loss_total 5.60015726089
Epoch 1 - Step 5539, loss_total 5.6309876442
Epoch 1 - Step 5559, loss_total 5.56476020813
Epoch 1 - Step 5579, loss_total 5.50723266602
Epoch 1 - Step 5599, loss_total 5.55675077438
Epoch 1 - Step 5619, loss_total 5.57952737808
Epoch 1 - Step 5639, loss_total 5.57754707336
Epoch 1 - Step 5659, loss_total 5.55648136139
Epoch 1 - Step 5679, loss_total 5.50050163269
Epoch 1 - Step 5699, loss_total 5.57437753677
Epoch 1 - Step 5719, loss_total 5.54587650299
Epoch 1 - Step 5739, loss_total 5.53229093552
Epoch 1 - Step 5759, loss_total 5.5859951973
Epoch 1 - Step 5779, loss_total 5.57763624191
Epoch 1 - Step 5799, loss_total 5.56376838684
Epoch 1 - Step 5819, loss_total 5.60127592087
Epoch 1 - Step 5839, loss_total 5.58328485489
Epoch 1 - Step 5859, loss_total 5.61197423935
Epoch 1 - Step 5879, loss_total 5.55259990692
Epoch 1 - Step 5899, loss_total 5.57817602158
Epoch 1 - Step 5919, loss_total 5.60523509979
Epoch 1 - Step 5939, loss_total 5.57048940659
Epoch 1 - Step 5959, loss_total 5.54891729355
Epoch 1 - Step 5979, loss_total 5.58935308456
Epoch 1 - Step 5999, loss_total 5.59793567657
Validation After Epoch 1 - step 6000
           IoU      on validation set:  0.20399911257845918
less than 2:  0
Epoch 1 - Step 6019, loss_total 5.56956577301
Epoch 1 - Step 6039, loss_total 5.56543445587

Epoch 1 Completed!

Epoch 2 - Step 19, loss_total 5.51286268234
Epoch 2 - Step 39, loss_total 5.55317163467
Epoch 2 - Step 59, loss_total 5.47626066208
Epoch 2 - Step 79, loss_total 5.50303554535
Epoch 2 - Step 99, loss_total 5.53162956238
Epoch 2 - Step 119, loss_total 5.55433607101
Epoch 2 - Step 139, loss_total 5.49168491364
Epoch 2 - Step 159, loss_total 5.48954248428
Epoch 2 - Step 179, loss_total 5.55587148666
Epoch 2 - Step 199, loss_total 5.45557594299
Epoch 2 - Step 219, loss_total 5.50966787338
Epoch 2 - Step 239, loss_total 5.59657621384
Epoch 2 - Step 259, loss_total 5.52493810654
Epoch 2 - Step 279, loss_total 5.51299762726
Epoch 2 - Step 299, loss_total 5.62295103073
Epoch 2 - Step 319, loss_total 5.53019618988
Epoch 2 - Step 339, loss_total 5.50379800797
Epoch 2 - Step 359, loss_total 5.52840614319
Epoch 2 - Step 379, loss_total 5.47002601624
Epoch 2 - Step 399, loss_total 5.48295354843
Epoch 2 - Step 419, loss_total 5.50762176514
Epoch 2 - Step 439, loss_total 5.55281400681
Epoch 2 - Step 459, loss_total 5.53289747238
Epoch 2 - Step 479, loss_total 5.51695299149
Epoch 2 - Step 499, loss_total 5.51824903488
Epoch 2 - Step 519, loss_total 5.55358028412
Epoch 2 - Step 539, loss_total 5.53954792023
Epoch 2 - Step 559, loss_total 5.5536236763
Epoch 2 - Step 579, loss_total 5.45568466187
Epoch 2 - Step 599, loss_total 5.47198915482
Epoch 2 - Step 619, loss_total 5.5932059288
Epoch 2 - Step 639, loss_total 5.54523611069
Epoch 2 - Step 659, loss_total 5.5114531517
Epoch 2 - Step 679, loss_total 5.49681901932
Epoch 2 - Step 699, loss_total 5.44278049469
Epoch 2 - Step 719, loss_total 5.56183719635
Epoch 2 - Step 739, loss_total 5.58687353134
Epoch 2 - Step 759, loss_total 5.56351566315
Epoch 2 - Step 779, loss_total 5.54002904892
Epoch 2 - Step 799, loss_total 5.52207326889
Epoch 2 - Step 819, loss_total 5.53322935104
Epoch 2 - Step 839, loss_total 5.52833890915
Epoch 2 - Step 859, loss_total 5.4767241478
Epoch 2 - Step 879, loss_total 5.5327296257
Epoch 2 - Step 899, loss_total 5.52697515488
Epoch 2 - Step 919, loss_total 5.48341083527
Epoch 2 - Step 939, loss_total 5.57630109787
Epoch 2 - Step 959, loss_total 5.45910310745
Epoch 2 - Step 979, loss_total 5.53635644913
Epoch 2 - Step 999, loss_total 5.489610672
Epoch 2 - Step 1019, loss_total 5.55539321899
Epoch 2 - Step 1039, loss_total 5.50909376144
Epoch 2 - Step 1059, loss_total 5.56623697281
Epoch 2 - Step 1079, loss_total 5.55790281296
Epoch 2 - Step 1099, loss_total 5.51265668869
Epoch 2 - Step 1119, loss_total 5.56337308884
Epoch 2 - Step 1139, loss_total 5.54401016235
Epoch 2 - Step 1159, loss_total 5.51554441452
Epoch 2 - Step 1179, loss_total 5.4829993248
Epoch 2 - Step 1199, loss_total 5.5085682869
Epoch 2 - Step 1219, loss_total 5.46971464157
Epoch 2 - Step 1239, loss_total 5.46531105042
Epoch 2 - Step 1259, loss_total 5.51313924789
Epoch 2 - Step 1279, loss_total 5.47073888779
Epoch 2 - Step 1299, loss_total 5.51140928268
Epoch 2 - Step 1319, loss_total 5.46633052826
Epoch 2 - Step 1339, loss_total 5.43940258026
Epoch 2 - Step 1359, loss_total 5.53762388229
Epoch 2 - Step 1379, loss_total 5.4435005188
Epoch 2 - Step 1399, loss_total 5.51956892014
Epoch 2 - Step 1419, loss_total 5.59810352325
Epoch 2 - Step 1439, loss_total 5.57187509537
Epoch 2 - Step 1459, loss_total 5.48885679245
Epoch 2 - Step 1479, loss_total 5.56769895554
Epoch 2 - Step 1499, loss_total 5.5513677597
Epoch 2 - Step 1519, loss_total 5.50452423096
Epoch 2 - Step 1539, loss_total 5.48413991928
Epoch 2 - Step 1559, loss_total 5.494764328
Epoch 2 - Step 1579, loss_total 5.51358985901
Epoch 2 - Step 1599, loss_total 5.45182561874
Epoch 2 - Step 1619, loss_total 5.49677991867
Epoch 2 - Step 1639, loss_total 5.51142835617
Epoch 2 - Step 1659, loss_total 5.46159505844
Epoch 2 - Step 1679, loss_total 5.49446296692
Epoch 2 - Step 1699, loss_total 5.52200031281
Epoch 2 - Step 1719, loss_total 5.4854388237
Epoch 2 - Step 1739, loss_total 5.53067207336
Epoch 2 - Step 1759, loss_total 5.44387388229
Epoch 2 - Step 1779, loss_total 5.5009303093
Epoch 2 - Step 1799, loss_total 5.46509647369
Epoch 2 - Step 1819, loss_total 5.46927499771
Epoch 2 - Step 1839, loss_total 5.45038366318
Epoch 2 - Step 1859, loss_total 5.52413654327
Epoch 2 - Step 1879, loss_total 5.55460739136
Epoch 2 - Step 1899, loss_total 5.5250415802
Epoch 2 - Step 1919, loss_total 5.60988521576
Epoch 2 - Step 1939, loss_total 5.4572634697
Epoch 2 - Step 1959, loss_total 5.50464630127
Epoch 2 - Step 1979, loss_total 5.50607156754
Epoch 2 - Step 1999, loss_total 5.48027181625
Epoch 2 - Step 2019, loss_total 5.40848493576
Epoch 2 - Step 2039, loss_total 5.52439928055
Epoch 2 - Step 2059, loss_total 5.50774002075
Epoch 2 - Step 2079, loss_total 5.44414424896
Epoch 2 - Step 2099, loss_total 5.5037817955
Epoch 2 - Step 2119, loss_total 5.51681518555
Epoch 2 - Step 2139, loss_total 5.54094266891
Epoch 2 - Step 2159, loss_total 5.53719377518
Epoch 2 - Step 2179, loss_total 5.44046831131
Epoch 2 - Step 2199, loss_total 5.4930896759
Epoch 2 - Step 2219, loss_total 5.50957584381
Epoch 2 - Step 2239, loss_total 5.50622320175
Epoch 2 - Step 2259, loss_total 5.47058010101
Epoch 2 - Step 2279, loss_total 5.48581457138
Epoch 2 - Step 2299, loss_total 5.47317647934
Epoch 2 - Step 2319, loss_total 5.50411176682
Epoch 2 - Step 2339, loss_total 5.49002218246
Epoch 2 - Step 2359, loss_total 5.45541810989
Epoch 2 - Step 2379, loss_total 5.47286939621
Epoch 2 - Step 2399, loss_total 5.49859189987
Epoch 2 - Step 2419, loss_total 5.53961229324
Epoch 2 - Step 2439, loss_total 5.48255872726
Epoch 2 - Step 2459, loss_total 5.43686580658
Epoch 2 - Step 2479, loss_total 5.51259899139
Epoch 2 - Step 2499, loss_total 5.52787923813
Epoch 2 - Step 2519, loss_total 5.49466753006
Epoch 2 - Step 2539, loss_total 5.51595640182
Epoch 2 - Step 2559, loss_total 5.52085638046
Epoch 2 - Step 2579, loss_total 5.59181451797
Epoch 2 - Step 2599, loss_total 5.47155237198
Epoch 2 - Step 2619, loss_total 5.52817440033
Epoch 2 - Step 2639, loss_total 5.44562768936
Epoch 2 - Step 2659, loss_total 5.49234485626
Epoch 2 - Step 2679, loss_total 5.52785778046
Epoch 2 - Step 2699, loss_total 5.46936368942
Epoch 2 - Step 2719, loss_total 5.42399597168
Epoch 2 - Step 2739, loss_total 5.58097028732
Epoch 2 - Step 2759, loss_total 5.60702466965
Epoch 2 - Step 2779, loss_total 5.47688436508
Epoch 2 - Step 2799, loss_total 5.52918720245
Epoch 2 - Step 2819, loss_total 5.57002782822
Epoch 2 - Step 2839, loss_total 5.51776981354
Epoch 2 - Step 2859, loss_total 5.48465490341
Epoch 2 - Step 2879, loss_total 5.54301166534
Epoch 2 - Step 2899, loss_total 5.44167995453
Epoch 2 - Step 2919, loss_total 5.52091741562
Epoch 2 - Step 2939, loss_total 5.44475793839
Epoch 2 - Step 2959, loss_total 5.44069242477
Epoch 2 - Step 2979, loss_total 5.40026807785
Epoch 2 - Step 2999, loss_total 5.49779367447
Validation After Epoch 2 - step 3000
           IoU      on validation set:  0.1995248251686112
less than 2:  12
Epoch 2 - Step 3019, loss_total 5.47323942184
Epoch 2 - Step 3039, loss_total 5.55650854111
Epoch 2 - Step 3059, loss_total 5.49238014221
Epoch 2 - Step 3079, loss_total 5.57131719589
Epoch 2 - Step 3099, loss_total 5.4054775238
Epoch 2 - Step 3119, loss_total 5.41914272308
Epoch 2 - Step 3139, loss_total 5.51511526108
Epoch 2 - Step 3159, loss_total 5.50575590134
Epoch 2 - Step 3179, loss_total 5.40432691574
Epoch 2 - Step 3199, loss_total 5.53969335556
Epoch 2 - Step 3219, loss_total 5.46143293381
Epoch 2 - Step 3239, loss_total 5.47262144089
Epoch 2 - Step 3259, loss_total 5.41570568085
Epoch 2 - Step 3279, loss_total 5.46050643921
Epoch 2 - Step 3299, loss_total 5.42183494568
Epoch 2 - Step 3319, loss_total 5.49959850311
Epoch 2 - Step 3339, loss_total 5.39917182922
Epoch 2 - Step 3359, loss_total 5.44038152695
Epoch 2 - Step 3379, loss_total 5.47524023056
Epoch 2 - Step 3399, loss_total 5.49032735825
Epoch 2 - Step 3419, loss_total 5.54905653
Epoch 2 - Step 3439, loss_total 5.508436203
Epoch 2 - Step 3459, loss_total 5.54770421982
Epoch 2 - Step 3479, loss_total 5.46886587143
Epoch 2 - Step 3499, loss_total 5.49669933319
Epoch 2 - Step 3519, loss_total 5.40862464905
Epoch 2 - Step 3539, loss_total 5.56443881989
Epoch 2 - Step 3559, loss_total 5.40234279633
Epoch 2 - Step 3579, loss_total 5.53486680984
Epoch 2 - Step 3599, loss_total 5.47786331177
Epoch 2 - Step 3619, loss_total 5.49137210846
Epoch 2 - Step 3639, loss_total 5.43774938583
Epoch 2 - Step 3659, loss_total 5.52503681183
Epoch 2 - Step 3679, loss_total 5.47388982773
Epoch 2 - Step 3699, loss_total 5.5448923111
Epoch 2 - Step 3719, loss_total 5.50226068497
Epoch 2 - Step 3739, loss_total 5.47761726379
Epoch 2 - Step 3759, loss_total 5.53953504562
Epoch 2 - Step 3779, loss_total 5.50084066391
Epoch 2 - Step 3799, loss_total 5.42089414597
Epoch 2 - Step 3819, loss_total 5.5130648613
Epoch 2 - Step 3839, loss_total 5.5038895607
Epoch 2 - Step 3859, loss_total 5.48701238632
Epoch 2 - Step 3879, loss_total 5.4797244072
Epoch 2 - Step 3899, loss_total 5.48282718658
Epoch 2 - Step 3919, loss_total 5.42394113541
Epoch 2 - Step 3939, loss_total 5.50866746902
Epoch 2 - Step 3959, loss_total 5.48250484467
Epoch 2 - Step 3979, loss_total 5.5278468132
Epoch 2 - Step 3999, loss_total 5.45164394379
Epoch 2 - Step 4019, loss_total 5.48347711563
Epoch 2 - Step 4039, loss_total 5.45062398911
Epoch 2 - Step 4059, loss_total 5.50379180908
Epoch 2 - Step 4079, loss_total 5.46437072754
Epoch 2 - Step 4099, loss_total 5.49918460846
Epoch 2 - Step 4119, loss_total 5.4619512558
Epoch 2 - Step 4139, loss_total 5.47505044937
Epoch 2 - Step 4159, loss_total 5.49989414215
Epoch 2 - Step 4179, loss_total 5.45687627792
Epoch 2 - Step 4199, loss_total 5.42582798004
Epoch 2 - Step 4219, loss_total 5.54547834396
Epoch 2 - Step 4239, loss_total 5.44591474533
Epoch 2 - Step 4259, loss_total 5.49443244934
Epoch 2 - Step 4279, loss_total 5.49409818649
Epoch 2 - Step 4299, loss_total 5.44224739075
Epoch 2 - Step 4319, loss_total 5.51233053207
Epoch 2 - Step 4339, loss_total 5.42267560959
Epoch 2 - Step 4359, loss_total 5.45312452316
Epoch 2 - Step 4379, loss_total 5.50764894485
Epoch 2 - Step 4399, loss_total 5.49099445343
Epoch 2 - Step 4419, loss_total 5.43415880203
Epoch 2 - Step 4439, loss_total 5.51261091232
Epoch 2 - Step 4459, loss_total 5.48674154282
Epoch 2 - Step 4479, loss_total 5.48087406158
Epoch 2 - Step 4499, loss_total 5.4673871994
Epoch 2 - Step 4519, loss_total 5.47457075119
Epoch 2 - Step 4539, loss_total 5.51624345779
Epoch 2 - Step 4559, loss_total 5.49567699432
Epoch 2 - Step 4579, loss_total 5.49548768997
Epoch 2 - Step 4599, loss_total 5.5205745697
Epoch 2 - Step 4619, loss_total 5.49331378937
Epoch 2 - Step 4639, loss_total 5.55836820602
Epoch 2 - Step 4659, loss_total 5.59863567352
Epoch 2 - Step 4679, loss_total 5.45836925507
Epoch 2 - Step 4699, loss_total 5.51060676575
Epoch 2 - Step 4719, loss_total 5.48387861252
Epoch 2 - Step 4739, loss_total 5.46614360809
Epoch 2 - Step 4759, loss_total 5.48967885971
Epoch 2 - Step 4779, loss_total 5.45204877853
Epoch 2 - Step 4799, loss_total 5.45517587662
Epoch 2 - Step 4819, loss_total 5.52249860764
Epoch 2 - Step 4839, loss_total 5.43875074387
Epoch 2 - Step 4859, loss_total 5.50459718704
Epoch 2 - Step 4879, loss_total 5.50472784042
Epoch 2 - Step 4899, loss_total 5.53900384903
Epoch 2 - Step 4919, loss_total 5.50903844833
Epoch 2 - Step 4939, loss_total 5.412317276
Epoch 2 - Step 4959, loss_total 5.48821544647
Epoch 2 - Step 4979, loss_total 5.5178771019
Epoch 2 - Step 4999, loss_total 5.47778892517
Epoch 2 - Step 5019, loss_total 5.55646038055
Epoch 2 - Step 5039, loss_total 5.50601673126
Epoch 2 - Step 5059, loss_total 5.49201154709
Epoch 2 - Step 5079, loss_total 5.43876218796
Epoch 2 - Step 5099, loss_total 5.39194822311
Epoch 2 - Step 5119, loss_total 5.52558469772
Epoch 2 - Step 5139, loss_total 5.41905021667
Epoch 2 - Step 5159, loss_total 5.43724918365
Epoch 2 - Step 5179, loss_total 5.36885786057
Epoch 2 - Step 5199, loss_total 5.50703954697
Epoch 2 - Step 5219, loss_total 5.41831159592
Epoch 2 - Step 5239, loss_total 5.51614999771
Epoch 2 - Step 5259, loss_total 5.39365339279
Epoch 2 - Step 5279, loss_total 5.48352622986
Epoch 2 - Step 5299, loss_total 5.54958868027
Epoch 2 - Step 5319, loss_total 5.45837831497
Epoch 2 - Step 5339, loss_total 5.52261161804
Epoch 2 - Step 5359, loss_total 5.52930784225
Epoch 2 - Step 5379, loss_total 5.4780254364
Epoch 2 - Step 5399, loss_total 5.45019769669
Epoch 2 - Step 5419, loss_total 5.45167589188
Epoch 2 - Step 5439, loss_total 5.47549009323
Epoch 2 - Step 5459, loss_total 5.51984739304
Epoch 2 - Step 5479, loss_total 5.42093086243
Epoch 2 - Step 5499, loss_total 5.40653991699
Epoch 2 - Step 5519, loss_total 5.35435342789
Epoch 2 - Step 5539, loss_total 5.46921300888
Epoch 2 - Step 5559, loss_total 5.42109060287
Epoch 2 - Step 5579, loss_total 5.40734052658
Epoch 2 - Step 5599, loss_total 5.47905349731
Epoch 2 - Step 5619, loss_total 5.47415494919
Epoch 2 - Step 5639, loss_total 5.45237636566
Epoch 2 - Step 5659, loss_total 5.52319288254
Epoch 2 - Step 5679, loss_total 5.45015192032
Epoch 2 - Step 5699, loss_total 5.52218389511
Epoch 2 - Step 5719, loss_total 5.51190805435
Epoch 2 - Step 5739, loss_total 5.4545841217
Epoch 2 - Step 5759, loss_total 5.40295314789
Epoch 2 - Step 5779, loss_total 5.53375864029
Epoch 2 - Step 5799, loss_total 5.41513252258
Epoch 2 - Step 5819, loss_total 5.436398983
Epoch 2 - Step 5839, loss_total 5.50579404831
Epoch 2 - Step 5859, loss_total 5.49838542938
Epoch 2 - Step 5879, loss_total 5.52780866623
Epoch 2 - Step 5899, loss_total 5.40470170975
Epoch 2 - Step 5919, loss_total 5.53798389435
Epoch 2 - Step 5939, loss_total 5.42671442032
Epoch 2 - Step 5959, loss_total 5.38090467453
Epoch 2 - Step 5979, loss_total 5.45248174667
Epoch 2 - Step 5999, loss_total 5.39783859253
Validation After Epoch 2 - step 6000
           IoU      on validation set:  0.19047931122081638
less than 2:  0
Epoch 2 - Step 6019, loss_total 5.34684896469
Epoch 2 - Step 6039, loss_total 5.41475915909

Epoch 2 Completed!

Epoch 3 - Step 19, loss_total 5.52145814896
Epoch 3 - Step 39, loss_total 5.40984296799
Epoch 3 - Step 59, loss_total 5.41608953476
Epoch 3 - Step 79, loss_total 5.41838788986
Epoch 3 - Step 99, loss_total 5.40770339966
Epoch 3 - Step 119, loss_total 5.40873289108
Epoch 3 - Step 139, loss_total 5.38095283508
Epoch 3 - Step 159, loss_total 5.46886539459
Epoch 3 - Step 179, loss_total 5.36890554428
Epoch 3 - Step 199, loss_total 5.33967161179
Epoch 3 - Step 219, loss_total 5.37728738785
Epoch 3 - Step 239, loss_total 5.40774488449
Epoch 3 - Step 259, loss_total 5.39925003052
Epoch 3 - Step 279, loss_total 5.40452671051
Epoch 3 - Step 299, loss_total 5.34542608261
Epoch 3 - Step 319, loss_total 5.37873315811
Epoch 3 - Step 339, loss_total 5.40813684464
Epoch 3 - Step 359, loss_total 5.41110563278
Epoch 3 - Step 379, loss_total 5.46835613251
Epoch 3 - Step 399, loss_total 5.38057422638
Epoch 3 - Step 419, loss_total 5.43048429489
Epoch 3 - Step 439, loss_total 5.40481138229
Epoch 3 - Step 459, loss_total 5.36649703979
Epoch 3 - Step 479, loss_total 5.46591663361
Epoch 3 - Step 499, loss_total 5.36742353439
Epoch 3 - Step 519, loss_total 5.40473461151
Epoch 3 - Step 539, loss_total 5.46409368515
Epoch 3 - Step 559, loss_total 5.38708019257
Epoch 3 - Step 579, loss_total 5.41342687607
Epoch 3 - Step 599, loss_total 5.41446638107
Epoch 3 - Step 619, loss_total 5.43097019196
Epoch 3 - Step 639, loss_total 5.43505859375
Epoch 3 - Step 659, loss_total 5.39896392822
Epoch 3 - Step 679, loss_total 5.46052694321
Epoch 3 - Step 699, loss_total 5.40948295593
Epoch 3 - Step 719, loss_total 5.47109222412
Epoch 3 - Step 739, loss_total 5.37869310379
Epoch 3 - Step 759, loss_total 5.39858007431
Epoch 3 - Step 779, loss_total 5.32314538956
Epoch 3 - Step 799, loss_total 5.41439390182
Epoch 3 - Step 819, loss_total 5.45561695099
Epoch 3 - Step 839, loss_total 5.44631052017
Epoch 3 - Step 859, loss_total 5.47860860825
Epoch 3 - Step 879, loss_total 5.4030752182
Epoch 3 - Step 899, loss_total 5.38323163986
Epoch 3 - Step 919, loss_total 5.44175338745
Epoch 3 - Step 939, loss_total 5.35839605331
Epoch 3 - Step 959, loss_total 5.38195943832
Epoch 3 - Step 979, loss_total 5.40680408478
Epoch 3 - Step 999, loss_total 5.42518663406
Epoch 3 - Step 1019, loss_total 5.36070251465
Epoch 3 - Step 1039, loss_total 5.40930557251
Epoch 3 - Step 1059, loss_total 5.49299478531
Epoch 3 - Step 1079, loss_total 5.41361427307
Epoch 3 - Step 1099, loss_total 5.36122608185
Epoch 3 - Step 1119, loss_total 5.37667417526
Epoch 3 - Step 1139, loss_total 5.40364313126
Epoch 3 - Step 1159, loss_total 5.39454936981
Epoch 3 - Step 1179, loss_total 5.39621162415
Epoch 3 - Step 1199, loss_total 5.32012271881
Epoch 3 - Step 1219, loss_total 5.31926107407
Epoch 3 - Step 1239, loss_total 5.35968875885
Epoch 3 - Step 1259, loss_total 5.36486053467
Epoch 3 - Step 1279, loss_total 5.38713932037
Epoch 3 - Step 1299, loss_total 5.45435285568
Epoch 3 - Step 1319, loss_total 5.37408399582
Epoch 3 - Step 1339, loss_total 5.34588670731
Epoch 3 - Step 1359, loss_total 5.38707923889
Epoch 3 - Step 1379, loss_total 5.33255434036
Epoch 3 - Step 1399, loss_total 5.39141750336
Epoch 3 - Step 1419, loss_total 5.37832355499
Epoch 3 - Step 1439, loss_total 5.383207798
Epoch 3 - Step 1459, loss_total 5.36070156097
Epoch 3 - Step 1479, loss_total 5.36570978165
Epoch 3 - Step 1499, loss_total 5.34194993973
Epoch 3 - Step 1519, loss_total 5.22638225555
Epoch 3 - Step 1539, loss_total 5.37954044342
Epoch 3 - Step 1559, loss_total 5.28698682785
Epoch 3 - Step 1579, loss_total 5.19450616837
Epoch 3 - Step 1599, loss_total 5.21470594406
Epoch 3 - Step 1619, loss_total 5.21028089523
Epoch 3 - Step 1639, loss_total 5.23263978958
Epoch 3 - Step 1659, loss_total 5.25239515305
Epoch 3 - Step 1679, loss_total 5.15344619751
Epoch 3 - Step 1699, loss_total 5.17018985748
Epoch 3 - Step 1719, loss_total 5.09045743942
Epoch 3 - Step 1739, loss_total 5.0092291832
Epoch 3 - Step 1759, loss_total 5.12727975845
Epoch 3 - Step 1779, loss_total 4.88090085983
Epoch 3 - Step 1799, loss_total 5.00830411911
Epoch 3 - Step 1819, loss_total 4.87131690979
Epoch 3 - Step 1839, loss_total 4.89497995377
Epoch 3 - Step 1859, loss_total 4.93442440033
Epoch 3 - Step 1879, loss_total 4.84118318558
Epoch 3 - Step 1899, loss_total 4.8614783287
Epoch 3 - Step 1919, loss_total 4.90455675125
Epoch 3 - Step 1939, loss_total 4.75757646561
Epoch 3 - Step 1959, loss_total 4.79190254211
Epoch 3 - Step 1979, loss_total 4.76995229721
Epoch 3 - Step 1999, loss_total 4.7026424408
Epoch 3 - Step 2019, loss_total 4.71598625183
Epoch 3 - Step 2039, loss_total 4.66829442978
Epoch 3 - Step 2059, loss_total 4.65744924545
Epoch 3 - Step 2079, loss_total 4.72687673569
Epoch 3 - Step 2099, loss_total 4.631503582
Epoch 3 - Step 2119, loss_total 4.64094829559
Epoch 3 - Step 2139, loss_total 4.68188619614
Epoch 3 - Step 2159, loss_total 4.52552366257
Epoch 3 - Step 2179, loss_total 4.59967279434
Epoch 3 - Step 2199, loss_total 4.57205629349
Epoch 3 - Step 2219, loss_total 4.55878257751
Epoch 3 - Step 2239, loss_total 4.47718477249
Epoch 3 - Step 2259, loss_total 4.49638128281
Epoch 3 - Step 2279, loss_total 4.48727941513
Epoch 3 - Step 2299, loss_total 4.51931142807
Epoch 3 - Step 2319, loss_total 4.48748016357
Epoch 3 - Step 2339, loss_total 4.35469722748
Epoch 3 - Step 2359, loss_total 4.48999261856
Epoch 3 - Step 2379, loss_total 4.47206497192
Epoch 3 - Step 2399, loss_total 4.41425323486
Epoch 3 - Step 2419, loss_total 4.38042640686
Epoch 3 - Step 2439, loss_total 4.48392677307
Epoch 3 - Step 2459, loss_total 4.38848829269
Epoch 3 - Step 2479, loss_total 4.40199899673
Epoch 3 - Step 2499, loss_total 4.47986459732
Epoch 3 - Step 2519, loss_total 4.3568649292
Epoch 3 - Step 2539, loss_total 4.41196775436
Epoch 3 - Step 2559, loss_total 4.370885849
Epoch 3 - Step 2579, loss_total 4.3418636322
Epoch 3 - Step 2599, loss_total 4.40178442001
Epoch 3 - Step 2619, loss_total 4.33391284943
Epoch 3 - Step 2639, loss_total 4.35686349869
Epoch 3 - Step 2659, loss_total 4.28455448151
Epoch 3 - Step 2679, loss_total 4.32675170898
Epoch 3 - Step 2699, loss_total 4.24354696274
Epoch 3 - Step 2719, loss_total 4.28233337402
Epoch 3 - Step 2739, loss_total 4.27672767639
Epoch 3 - Step 2759, loss_total 4.26956176758
Epoch 3 - Step 2779, loss_total 4.30371713638
Epoch 3 - Step 2799, loss_total 4.27883863449
Epoch 3 - Step 2819, loss_total 4.34418535233
Epoch 3 - Step 2839, loss_total 4.19224977493
Epoch 3 - Step 2859, loss_total 4.30795621872
Epoch 3 - Step 2879, loss_total 4.2352232933
Epoch 3 - Step 2899, loss_total 4.21126794815
Epoch 3 - Step 2919, loss_total 4.13941526413
Epoch 3 - Step 2939, loss_total 4.23342132568
Epoch 3 - Step 2959, loss_total 4.18199491501
Epoch 3 - Step 2979, loss_total 4.18531894684
Epoch 3 - Step 2999, loss_total 4.23792743683
Validation After Epoch 3 - step 3000
           IoU      on validation set:  0.39346938085638855
less than 2:  0
Epoch 3 - Step 3019, loss_total 4.12803792953
Epoch 3 - Step 3039, loss_total 4.23574209213
Epoch 3 - Step 3059, loss_total 4.15165662766
Epoch 3 - Step 3079, loss_total 4.24669456482
Epoch 3 - Step 3099, loss_total 4.21268796921
Epoch 3 - Step 3119, loss_total 4.11012792587
Epoch 3 - Step 3139, loss_total 4.21351528168
Epoch 3 - Step 3159, loss_total 4.14533996582
Epoch 3 - Step 3179, loss_total 4.10529232025
Epoch 3 - Step 3199, loss_total 4.1265540123
Epoch 3 - Step 3219, loss_total 4.20924949646
Epoch 3 - Step 3239, loss_total 4.18447303772
Epoch 3 - Step 3259, loss_total 4.1985244751
Epoch 3 - Step 3279, loss_total 4.22351408005
Epoch 3 - Step 3299, loss_total 4.08987998962
Epoch 3 - Step 3319, loss_total 4.23359870911
Epoch 3 - Step 3339, loss_total 4.13971662521
Epoch 3 - Step 3359, loss_total 4.12442541122
Epoch 3 - Step 3379, loss_total 4.08807325363
Epoch 3 - Step 3399, loss_total 4.21379232407
Epoch 3 - Step 3419, loss_total 4.2179236412
Epoch 3 - Step 3439, loss_total 4.17297029495
Epoch 3 - Step 3459, loss_total 4.14832687378
Epoch 3 - Step 3479, loss_total 4.05473327637
Epoch 3 - Step 3499, loss_total 4.0990653038
Epoch 3 - Step 3519, loss_total 4.03494215012
Epoch 3 - Step 3539, loss_total 4.13474559784
Epoch 3 - Step 3559, loss_total 4.05434131622
Epoch 3 - Step 3579, loss_total 4.13119792938
Epoch 3 - Step 3599, loss_total 4.11654281616
Epoch 3 - Step 3619, loss_total 4.1130862236
Epoch 3 - Step 3639, loss_total 4.13525485992
Epoch 3 - Step 3659, loss_total 4.10006713867
Epoch 3 - Step 3679, loss_total 4.07036399841
Epoch 3 - Step 3699, loss_total 4.02132558823
Epoch 3 - Step 3719, loss_total 4.07220602036
Epoch 3 - Step 3739, loss_total 4.08889293671
Epoch 3 - Step 3759, loss_total 4.10667419434
Epoch 3 - Step 3779, loss_total 4.09280729294
Epoch 3 - Step 3799, loss_total 4.05110311508
Epoch 3 - Step 3819, loss_total 4.09323740005
Epoch 3 - Step 3839, loss_total 3.97280883789
Epoch 3 - Step 3859, loss_total 4.08218097687
Epoch 3 - Step 3879, loss_total 4.01815748215
Epoch 3 - Step 3899, loss_total 3.96068310738
Epoch 3 - Step 3919, loss_total 4.15607643127
Epoch 3 - Step 3939, loss_total 4.0929684639
Epoch 3 - Step 3959, loss_total 4.09826946259
Epoch 3 - Step 3979, loss_total 4.06419038773
Epoch 3 - Step 3999, loss_total 4.03828573227
Epoch 3 - Step 4019, loss_total 4.0471906662
Epoch 3 - Step 4039, loss_total 3.96528863907
Epoch 3 - Step 4059, loss_total 4.11974096298
Epoch 3 - Step 4079, loss_total 4.0399684906
Epoch 3 - Step 4099, loss_total 4.1389913559
Epoch 3 - Step 4119, loss_total 3.99092030525
Epoch 3 - Step 4139, loss_total 4.03699493408
Epoch 3 - Step 4159, loss_total 4.09704208374
Epoch 3 - Step 4179, loss_total 3.99024558067
Epoch 3 - Step 4199, loss_total 4.05007314682
Epoch 3 - Step 4219, loss_total 4.0109910965
Epoch 3 - Step 4239, loss_total 4.02266788483
Epoch 3 - Step 4259, loss_total 4.01253652573
Epoch 3 - Step 4279, loss_total 4.07530784607
Epoch 3 - Step 4299, loss_total 4.08396863937
Epoch 3 - Step 4319, loss_total 3.96730279922
Epoch 3 - Step 4339, loss_total 4.01536417007
Epoch 3 - Step 4359, loss_total 4.04406833649
Epoch 3 - Step 4379, loss_total 4.01931333542
Epoch 3 - Step 4399, loss_total 4.05992555618
Epoch 3 - Step 4419, loss_total 4.03668928146
Epoch 3 - Step 4439, loss_total 4.01097536087
Epoch 3 - Step 4459, loss_total 4.00267028809
Epoch 3 - Step 4479, loss_total 3.93844461441
Epoch 3 - Step 4499, loss_total 3.95433497429
Epoch 3 - Step 4519, loss_total 4.01908111572
Epoch 3 - Step 4539, loss_total 4.01911211014
Epoch 3 - Step 4559, loss_total 3.97337412834
Epoch 3 - Step 4579, loss_total 3.95726370811
Epoch 3 - Step 4599, loss_total 3.94994091988
Epoch 3 - Step 4619, loss_total 4.00420713425
Epoch 3 - Step 4639, loss_total 4.03953027725
Epoch 3 - Step 4659, loss_total 3.96883940697
Epoch 3 - Step 4679, loss_total 4.02984762192
Epoch 3 - Step 4699, loss_total 4.00605916977
Epoch 3 - Step 4719, loss_total 3.95738768578
Epoch 3 - Step 4739, loss_total 3.98652768135
Epoch 3 - Step 4759, loss_total 3.90180897713
Epoch 3 - Step 4779, loss_total 4.09786748886
Epoch 3 - Step 4799, loss_total 4.03641080856
Epoch 3 - Step 4819, loss_total 3.95078921318
Epoch 3 - Step 4839, loss_total 3.9195458889
Epoch 3 - Step 4859, loss_total 3.94817733765
Epoch 3 - Step 4879, loss_total 3.99795889854
Epoch 3 - Step 4899, loss_total 3.95411944389
Epoch 3 - Step 4919, loss_total 3.89981389046
Epoch 3 - Step 4939, loss_total 3.87004780769
Epoch 3 - Step 4959, loss_total 3.91181159019
Epoch 3 - Step 4979, loss_total 3.97436380386
Epoch 3 - Step 4999, loss_total 3.95476007462
Epoch 3 - Step 5019, loss_total 3.92912650108
Epoch 3 - Step 5039, loss_total 3.96632242203
Epoch 3 - Step 5059, loss_total 3.83956503868
Epoch 3 - Step 5079, loss_total 3.96168375015
Epoch 3 - Step 5099, loss_total 3.93267440796
Epoch 3 - Step 5119, loss_total 3.93845534325
Epoch 3 - Step 5139, loss_total 3.99924015999
Epoch 3 - Step 5159, loss_total 4.02688407898
Epoch 3 - Step 5179, loss_total 3.84592866898
Epoch 3 - Step 5199, loss_total 3.97501540184
Epoch 3 - Step 5219, loss_total 3.93769311905
Epoch 3 - Step 5239, loss_total 3.87092256546
Epoch 3 - Step 5259, loss_total 3.92038536072
Epoch 3 - Step 5279, loss_total 3.91635012627
Epoch 3 - Step 5299, loss_total 3.93095707893
Epoch 3 - Step 5319, loss_total 3.87253236771
Epoch 3 - Step 5339, loss_total 3.9324567318
Epoch 3 - Step 5359, loss_total 4.03403711319
Epoch 3 - Step 5379, loss_total 3.88263940811
Epoch 3 - Step 5399, loss_total 3.8918800354
Epoch 3 - Step 5419, loss_total 3.91472935677
Epoch 3 - Step 5439, loss_total 3.95255970955
Epoch 3 - Step 5459, loss_total 3.82612657547
Epoch 3 - Step 5479, loss_total 3.91452670097
Epoch 3 - Step 5499, loss_total 3.99069833755
Epoch 3 - Step 5519, loss_total 3.95575141907
Epoch 3 - Step 5539, loss_total 3.90827226639
Epoch 3 - Step 5559, loss_total 3.83875060081
Epoch 3 - Step 5579, loss_total 3.93243336678
Epoch 3 - Step 5599, loss_total 3.94652485847
Epoch 3 - Step 5619, loss_total 3.93360900879
Epoch 3 - Step 5639, loss_total 3.86905097961
Epoch 3 - Step 5659, loss_total 3.93046116829
Epoch 3 - Step 5679, loss_total 3.89007258415
Epoch 3 - Step 5699, loss_total 3.92487955093
Epoch 3 - Step 5719, loss_total 3.83183979988
Epoch 3 - Step 5739, loss_total 3.9183883667
Epoch 3 - Step 5759, loss_total 3.98956561089
Epoch 3 - Step 5779, loss_total 3.94823813438
Epoch 3 - Step 5799, loss_total 3.87570118904
Epoch 3 - Step 5819, loss_total 3.91513133049
Epoch 3 - Step 5839, loss_total 3.82572031021
Epoch 3 - Step 5859, loss_total 3.9016494751
Epoch 3 - Step 5879, loss_total 3.90118980408
Epoch 3 - Step 5899, loss_total 3.86174464226
Epoch 3 - Step 5919, loss_total 3.88873362541
Epoch 3 - Step 5939, loss_total 3.89385151863
Epoch 3 - Step 5959, loss_total 3.93301081657
Epoch 3 - Step 5979, loss_total 3.87290620804
Epoch 3 - Step 5999, loss_total 3.90099143982
Validation After Epoch 3 - step 6000
           IoU      on validation set:  0.5270947814218966
less than 2:  9
Epoch 3 - Step 6019, loss_total 3.88398814201
Epoch 3 - Step 6039, loss_total 3.87380576134

Epoch 3 Completed!

Epoch 4 - Step 19, loss_total 3.89763116837
Epoch 4 - Step 39, loss_total 3.81610679626
Epoch 4 - Step 59, loss_total 3.86248636246
Epoch 4 - Step 79, loss_total 3.82710695267
Epoch 4 - Step 99, loss_total 3.86892819405
Epoch 4 - Step 119, loss_total 3.82811737061
Epoch 4 - Step 139, loss_total 3.77772974968
Epoch 4 - Step 159, loss_total 3.73835921288
Epoch 4 - Step 179, loss_total 3.81607699394
Epoch 4 - Step 199, loss_total 3.80300068855
Epoch 4 - Step 219, loss_total 3.78599238396
Epoch 4 - Step 239, loss_total 3.91880273819
Epoch 4 - Step 259, loss_total 3.77042841911
Epoch 4 - Step 279, loss_total 3.76489520073
Epoch 4 - Step 299, loss_total 3.67472243309
Epoch 4 - Step 319, loss_total 3.84547352791
Epoch 4 - Step 339, loss_total 3.77056503296
Epoch 4 - Step 359, loss_total 3.78760957718
Epoch 4 - Step 379, loss_total 3.80858469009
Epoch 4 - Step 399, loss_total 3.82007956505
Epoch 4 - Step 419, loss_total 3.74427866936
Epoch 4 - Step 439, loss_total 3.84844636917
Epoch 4 - Step 459, loss_total 3.90479540825
Epoch 4 - Step 479, loss_total 3.80266165733
Epoch 4 - Step 499, loss_total 3.86818671227
Epoch 4 - Step 519, loss_total 3.79386878014
Epoch 4 - Step 539, loss_total 3.7242705822
Epoch 4 - Step 559, loss_total 3.78371095657
Epoch 4 - Step 579, loss_total 3.72566008568
Epoch 4 - Step 599, loss_total 3.81681680679
Epoch 4 - Step 619, loss_total 3.74650883675
Epoch 4 - Step 639, loss_total 3.74624896049
Epoch 4 - Step 659, loss_total 3.78957676888
Epoch 4 - Step 679, loss_total 3.77492594719
Epoch 4 - Step 699, loss_total 3.81230545044
Epoch 4 - Step 719, loss_total 3.77046060562
Epoch 4 - Step 739, loss_total 3.86450886726
Epoch 4 - Step 759, loss_total 3.7832660675
Epoch 4 - Step 779, loss_total 3.82331395149
Epoch 4 - Step 799, loss_total 3.77570223808
Epoch 4 - Step 819, loss_total 3.65977978706
Epoch 4 - Step 839, loss_total 3.79417347908
Epoch 4 - Step 859, loss_total 3.77336740494
Epoch 4 - Step 879, loss_total 3.7968006134
Epoch 4 - Step 899, loss_total 3.86178135872
Epoch 4 - Step 919, loss_total 3.79139947891
Epoch 4 - Step 939, loss_total 3.82066893578
Epoch 4 - Step 959, loss_total 3.78765535355
Epoch 4 - Step 979, loss_total 3.78477406502
Epoch 4 - Step 999, loss_total 3.74187254906
Epoch 4 - Step 1019, loss_total 3.89695596695
Epoch 4 - Step 1039, loss_total 3.80881667137
Epoch 4 - Step 1059, loss_total 3.87233519554
Epoch 4 - Step 1079, loss_total 3.74999690056
Epoch 4 - Step 1099, loss_total 3.81548762321
Epoch 4 - Step 1119, loss_total 3.91565394402
Epoch 4 - Step 1139, loss_total 3.81970286369
Epoch 4 - Step 1159, loss_total 3.82939791679
Epoch 4 - Step 1179, loss_total 3.77999687195
Epoch 4 - Step 1199, loss_total 3.81966400146
Epoch 4 - Step 1219, loss_total 3.7848470211
Epoch 4 - Step 1239, loss_total 3.91795039177
Epoch 4 - Step 1259, loss_total 3.78794598579
Epoch 4 - Step 1279, loss_total 3.7778942585
Epoch 4 - Step 1299, loss_total 3.67747688293
Epoch 4 - Step 1319, loss_total 3.76608276367
Epoch 4 - Step 1339, loss_total 3.7151658535
Epoch 4 - Step 1359, loss_total 3.82520341873
Epoch 4 - Step 1379, loss_total 3.81656575203
Epoch 4 - Step 1399, loss_total 3.73367762566
Epoch 4 - Step 1419, loss_total 3.78404092789
Epoch 4 - Step 1439, loss_total 3.72707533836
Epoch 4 - Step 1459, loss_total 3.81945729256
Epoch 4 - Step 1479, loss_total 3.8232357502
Epoch 4 - Step 1499, loss_total 3.8012008667
Epoch 4 - Step 1519, loss_total 3.78952860832
Epoch 4 - Step 1539, loss_total 3.79238510132
Epoch 4 - Step 1559, loss_total 3.83382582664
Epoch 4 - Step 1579, loss_total 3.85435533524
Epoch 4 - Step 1599, loss_total 3.82136654854
Epoch 4 - Step 1619, loss_total 3.81444215775
Epoch 4 - Step 1639, loss_total 3.74941253662
Epoch 4 - Step 1659, loss_total 3.76442337036
Epoch 4 - Step 1679, loss_total 3.73098158836
Epoch 4 - Step 1699, loss_total 3.78681612015
Epoch 4 - Step 1719, loss_total 3.81209254265
Epoch 4 - Step 1739, loss_total 3.77012872696
Epoch 4 - Step 1759, loss_total 3.74374890327
Epoch 4 - Step 1779, loss_total 3.77660489082
Epoch 4 - Step 1799, loss_total 3.78418898582
Epoch 4 - Step 1819, loss_total 3.84756469727
Epoch 4 - Step 1839, loss_total 3.83516693115
Epoch 4 - Step 1859, loss_total 3.79035067558
Epoch 4 - Step 1879, loss_total 3.72937512398
Epoch 4 - Step 1899, loss_total 3.7284476757
Epoch 4 - Step 1919, loss_total 3.77944493294
Epoch 4 - Step 1939, loss_total 3.80878043175
Epoch 4 - Step 1959, loss_total 3.85070919991
Epoch 4 - Step 1979, loss_total 3.82520985603
Epoch 4 - Step 1999, loss_total 3.76267027855
Epoch 4 - Step 2019, loss_total 3.84369254112
Epoch 4 - Step 2039, loss_total 3.75887465477
Epoch 4 - Step 2059, loss_total 3.7543091774
Epoch 4 - Step 2079, loss_total 3.79367637634
Epoch 4 - Step 2099, loss_total 3.75250983238
Epoch 4 - Step 2119, loss_total 3.73054242134
Epoch 4 - Step 2139, loss_total 3.74591755867
Epoch 4 - Step 2159, loss_total 3.79823923111
Epoch 4 - Step 2179, loss_total 3.78150725365
Epoch 4 - Step 2199, loss_total 3.80976486206
Epoch 4 - Step 2219, loss_total 3.7800347805
Epoch 4 - Step 2239, loss_total 3.7592830658
Epoch 4 - Step 2259, loss_total 3.78777384758
Epoch 4 - Step 2279, loss_total 3.74580693245
Epoch 4 - Step 2299, loss_total 3.8639934063
Epoch 4 - Step 2319, loss_total 3.74084663391
Epoch 4 - Step 2339, loss_total 3.7740445137
Epoch 4 - Step 2359, loss_total 3.82835650444
Epoch 4 - Step 2379, loss_total 3.69371533394
Epoch 4 - Step 2399, loss_total 3.83838200569
Epoch 4 - Step 2419, loss_total 3.74260592461
Epoch 4 - Step 2439, loss_total 3.78714871407
Epoch 4 - Step 2459, loss_total 3.85117793083
Epoch 4 - Step 2479, loss_total 3.72797775269
Epoch 4 - Step 2499, loss_total 3.74441504478
Epoch 4 - Step 2519, loss_total 3.67059326172
Epoch 4 - Step 2539, loss_total 3.72877049446
Epoch 4 - Step 2559, loss_total 3.76511693001
Epoch 4 - Step 2579, loss_total 3.76074671745
Epoch 4 - Step 2599, loss_total 3.78327178955
Epoch 4 - Step 2619, loss_total 3.7743897438
Epoch 4 - Step 2639, loss_total 3.71088004112
Epoch 4 - Step 2659, loss_total 3.70827174187
Epoch 4 - Step 2679, loss_total 3.82165646553
Epoch 4 - Step 2699, loss_total 3.76903510094
Epoch 4 - Step 2719, loss_total 3.78417515755
Epoch 4 - Step 2739, loss_total 3.77627921104
Epoch 4 - Step 2759, loss_total 3.77433276176
Epoch 4 - Step 2779, loss_total 3.75532221794
Epoch 4 - Step 2799, loss_total 3.79647111893
Epoch 4 - Step 2819, loss_total 3.81719374657
Epoch 4 - Step 2839, loss_total 3.8061311245
Epoch 4 - Step 2859, loss_total 3.84411120415
Epoch 4 - Step 2879, loss_total 3.7531311512
Epoch 4 - Step 2899, loss_total 3.75604176521
Epoch 4 - Step 2919, loss_total 3.75278329849
Epoch 4 - Step 2939, loss_total 3.72282075882
Epoch 4 - Step 2959, loss_total 3.79438972473
Epoch 4 - Step 2979, loss_total 3.75625276566
Epoch 4 - Step 2999, loss_total 3.72730898857
Validation After Epoch 4 - step 3000
           IoU      on validation set:  0.5318160777856988
less than 2:  10
Epoch 4 - Step 3019, loss_total 3.79770350456
Epoch 4 - Step 3039, loss_total 3.70447850227
Epoch 4 - Step 3059, loss_total 3.76078772545
Epoch 4 - Step 3079, loss_total 3.80702376366
Epoch 4 - Step 3099, loss_total 3.73092508316
Epoch 4 - Step 3119, loss_total 3.76860284805
Epoch 4 - Step 3139, loss_total 3.78222966194
Epoch 4 - Step 3159, loss_total 3.75013422966
Epoch 4 - Step 3179, loss_total 3.70979046822
Epoch 4 - Step 3199, loss_total 3.7799949646
Epoch 4 - Step 3219, loss_total 3.72249722481
Epoch 4 - Step 3239, loss_total 3.64062952995
Epoch 4 - Step 3259, loss_total 3.74618196487
Epoch 4 - Step 3279, loss_total 3.74293375015
Epoch 4 - Step 3299, loss_total 3.72481989861
Epoch 4 - Step 3319, loss_total 3.72155308723
Epoch 4 - Step 3339, loss_total 3.71599626541
Epoch 4 - Step 3359, loss_total 3.77713823318
Epoch 4 - Step 3379, loss_total 3.67503714561
Epoch 4 - Step 3399, loss_total 3.74791026115
Epoch 4 - Step 3419, loss_total 3.73588871956
Epoch 4 - Step 3439, loss_total 3.64469981194
Epoch 4 - Step 3459, loss_total 3.72441983223
Epoch 4 - Step 3479, loss_total 3.74972081184
Epoch 4 - Step 3499, loss_total 3.7952401638
Epoch 4 - Step 3519, loss_total 3.82874536514
Epoch 4 - Step 3539, loss_total 3.81122636795
Epoch 4 - Step 3559, loss_total 3.70497584343
Epoch 4 - Step 3579, loss_total 3.85348057747
Epoch 4 - Step 3599, loss_total 3.7523162365
Epoch 4 - Step 3619, loss_total 3.68780016899
Epoch 4 - Step 3639, loss_total 3.70272898674
Epoch 4 - Step 3659, loss_total 3.77188611031
Epoch 4 - Step 3679, loss_total 3.81540799141
Epoch 4 - Step 3699, loss_total 3.77403903008
Epoch 4 - Step 3719, loss_total 3.80345082283
Epoch 4 - Step 3739, loss_total 3.80115127563
Epoch 4 - Step 3759, loss_total 3.69726729393
Epoch 4 - Step 3779, loss_total 3.76414227486
Epoch 4 - Step 3799, loss_total 3.71346902847
Epoch 4 - Step 3819, loss_total 3.76960062981
Epoch 4 - Step 3839, loss_total 3.75332903862
Epoch 4 - Step 3859, loss_total 3.7810883522
Epoch 4 - Step 3879, loss_total 3.76994371414
Epoch 4 - Step 3899, loss_total 3.76373338699
Epoch 4 - Step 3919, loss_total 3.82449412346
Epoch 4 - Step 3939, loss_total 3.80156755447
Epoch 4 - Step 3959, loss_total 3.73540949821
Epoch 4 - Step 3979, loss_total 3.81569266319
Epoch 4 - Step 3999, loss_total 3.76721310616
Epoch 4 - Step 4019, loss_total 3.84276580811
Epoch 4 - Step 4039, loss_total 3.82263350487
Epoch 4 - Step 4059, loss_total 3.79459190369
Epoch 4 - Step 4079, loss_total 3.76425218582
Epoch 4 - Step 4099, loss_total 3.83742785454
Epoch 4 - Step 4119, loss_total 3.72968268394
Epoch 4 - Step 4139, loss_total 3.69620513916
Epoch 4 - Step 4159, loss_total 3.75907492638
Epoch 4 - Step 4179, loss_total 3.80187273026
Epoch 4 - Step 4199, loss_total 3.7661652565
Epoch 4 - Step 4219, loss_total 3.78856015205
Epoch 4 - Step 4239, loss_total 3.73797011375
Epoch 4 - Step 4259, loss_total 3.71404337883
Epoch 4 - Step 4279, loss_total 3.76902127266
Epoch 4 - Step 4299, loss_total 3.77132201195
Epoch 4 - Step 4319, loss_total 3.81401133537
Epoch 4 - Step 4339, loss_total 3.74260950089
Epoch 4 - Step 4359, loss_total 3.73037981987
Epoch 4 - Step 4379, loss_total 3.71980166435
Epoch 4 - Step 4399, loss_total 3.65503287315
Epoch 4 - Step 4419, loss_total 3.70787668228
Epoch 4 - Step 4439, loss_total 3.62901568413
Epoch 4 - Step 4459, loss_total 3.65589570999
Epoch 4 - Step 4479, loss_total 3.75486254692
Epoch 4 - Step 4499, loss_total 3.72430801392
Epoch 4 - Step 4519, loss_total 3.73421907425
Epoch 4 - Step 4539, loss_total 3.7243976593
Epoch 4 - Step 4559, loss_total 3.77125406265
Epoch 4 - Step 4579, loss_total 3.71033453941
Epoch 4 - Step 4599, loss_total 3.73134732246
Epoch 4 - Step 4619, loss_total 3.75407266617
Epoch 4 - Step 4639, loss_total 3.67591357231
Epoch 4 - Step 4659, loss_total 3.66595458984
Epoch 4 - Step 4679, loss_total 3.80776143074
Epoch 4 - Step 4699, loss_total 3.69500470161
Epoch 4 - Step 4719, loss_total 3.71694564819
Epoch 4 - Step 4739, loss_total 3.67950034142
Epoch 4 - Step 4759, loss_total 3.69519305229
Epoch 4 - Step 4779, loss_total 3.68028044701
Epoch 4 - Step 4799, loss_total 3.77400016785
Epoch 4 - Step 4819, loss_total 3.69144225121
Epoch 4 - Step 4839, loss_total 3.73374414444
Epoch 4 - Step 4859, loss_total 3.80307841301
Epoch 4 - Step 4879, loss_total 3.75412988663
Epoch 4 - Step 4899, loss_total 3.73267483711
Epoch 4 - Step 4919, loss_total 3.76215910912
Epoch 4 - Step 4939, loss_total 3.76220178604
Epoch 4 - Step 4959, loss_total 3.83396196365
Epoch 4 - Step 4979, loss_total 3.77364587784
Epoch 4 - Step 4999, loss_total 3.72420620918
Epoch 4 - Step 5019, loss_total 3.67172503471
Epoch 4 - Step 5039, loss_total 3.6405582428
Epoch 4 - Step 5059, loss_total 3.82851004601
Epoch 4 - Step 5079, loss_total 3.79100871086
Epoch 4 - Step 5099, loss_total 3.86145138741
Epoch 4 - Step 5119, loss_total 3.71561694145
Epoch 4 - Step 5139, loss_total 3.69556689262
Epoch 4 - Step 5159, loss_total 3.71890640259
Epoch 4 - Step 5179, loss_total 3.71902656555
Epoch 4 - Step 5199, loss_total 3.82653617859
Epoch 4 - Step 5219, loss_total 3.72482419014
Epoch 4 - Step 5239, loss_total 3.70105981827
Epoch 4 - Step 5259, loss_total 3.74182772636
Epoch 4 - Step 5279, loss_total 3.68626952171
Epoch 4 - Step 5299, loss_total 3.64126634598
Epoch 4 - Step 5319, loss_total 3.8139705658
Epoch 4 - Step 5339, loss_total 3.67068362236
Epoch 4 - Step 5359, loss_total 3.77827048302
Epoch 4 - Step 5379, loss_total 3.74899101257
Epoch 4 - Step 5399, loss_total 3.67765164375
Epoch 4 - Step 5419, loss_total 3.77438616753
Epoch 4 - Step 5439, loss_total 3.71180415154
Epoch 4 - Step 5459, loss_total 3.76142239571
Epoch 4 - Step 5479, loss_total 3.70902323723
Epoch 4 - Step 5499, loss_total 3.73585629463
Epoch 4 - Step 5519, loss_total 3.75348854065
Epoch 4 - Step 5539, loss_total 3.78224873543
Epoch 4 - Step 5559, loss_total 3.79236340523
Epoch 4 - Step 5579, loss_total 3.68689203262
Epoch 4 - Step 5599, loss_total 3.69091773033
Epoch 4 - Step 5619, loss_total 3.72850680351
Epoch 4 - Step 5639, loss_total 3.79796981812
Epoch 4 - Step 5659, loss_total 3.72131037712
Epoch 4 - Step 5679, loss_total 3.65784263611
Epoch 4 - Step 5699, loss_total 3.72129368782
Epoch 4 - Step 5719, loss_total 3.72368788719
Epoch 4 - Step 5739, loss_total 3.75285720825
Epoch 4 - Step 5759, loss_total 3.72358560562
Epoch 4 - Step 5779, loss_total 3.71698832512
Epoch 4 - Step 5799, loss_total 3.72460722923
Epoch 4 - Step 5819, loss_total 3.69203257561
Epoch 4 - Step 5839, loss_total 3.76712226868
Epoch 4 - Step 5859, loss_total 3.72194981575
Epoch 4 - Step 5879, loss_total 3.67819094658
Epoch 4 - Step 5899, loss_total 3.73869109154
Epoch 4 - Step 5919, loss_total 3.73036694527
Epoch 4 - Step 5939, loss_total 3.75320506096
Epoch 4 - Step 5959, loss_total 3.79571199417
Epoch 4 - Step 5979, loss_total 3.72261214256
Epoch 4 - Step 5999, loss_total 3.74887013435
Validation After Epoch 4 - step 6000
           IoU      on validation set:  0.5121142852085994
less than 2:  26
Epoch 4 - Step 6019, loss_total 3.7868938446
Epoch 4 - Step 6039, loss_total 3.70271372795

Epoch 4 Completed!

Epoch 5 - Step 19, loss_total 3.70523834229
Epoch 5 - Step 39, loss_total 3.74306106567
Epoch 5 - Step 59, loss_total 3.55553483963
Epoch 5 - Step 79, loss_total 3.64684104919
Epoch 5 - Step 99, loss_total 3.7142136097
Epoch 5 - Step 119, loss_total 3.67757034302
Epoch 5 - Step 139, loss_total 3.64537668228
Epoch 5 - Step 159, loss_total 3.58596158028
Epoch 5 - Step 179, loss_total 3.6168987751
Epoch 5 - Step 199, loss_total 3.57021570206
Epoch 5 - Step 219, loss_total 3.57172656059
Epoch 5 - Step 239, loss_total 3.62379765511
Epoch 5 - Step 259, loss_total 3.51047682762
Epoch 5 - Step 279, loss_total 3.57572865486
Epoch 5 - Step 299, loss_total 3.6308453083
Epoch 5 - Step 319, loss_total 3.60716986656
Epoch 5 - Step 339, loss_total 3.65843200684
Epoch 5 - Step 359, loss_total 3.57957696915
Epoch 5 - Step 379, loss_total 3.71180963516
Epoch 5 - Step 399, loss_total 3.64226126671
Epoch 5 - Step 419, loss_total 3.65548825264
Epoch 5 - Step 439, loss_total 3.61846995354
Epoch 5 - Step 459, loss_total 3.62139248848
Epoch 5 - Step 479, loss_total 3.60646677017
Epoch 5 - Step 499, loss_total 3.61654067039
Epoch 5 - Step 519, loss_total 3.63625836372
Epoch 5 - Step 539, loss_total 3.72251582146
Epoch 5 - Step 559, loss_total 3.62067461014
Epoch 5 - Step 579, loss_total 3.57038664818
Epoch 5 - Step 599, loss_total 3.6515853405
Epoch 5 - Step 619, loss_total 3.60274291039
Epoch 5 - Step 639, loss_total 3.66497778893
Epoch 5 - Step 659, loss_total 3.60096597672
Epoch 5 - Step 679, loss_total 3.66732215881
Epoch 5 - Step 699, loss_total 3.61831641197
Epoch 5 - Step 719, loss_total 3.72031903267
Epoch 5 - Step 739, loss_total 3.63109135628
Epoch 5 - Step 759, loss_total 3.57855272293
Epoch 5 - Step 779, loss_total 3.61720085144
Epoch 5 - Step 799, loss_total 3.61895537376
Epoch 5 - Step 819, loss_total 3.64234924316
Epoch 5 - Step 839, loss_total 3.60347056389
Epoch 5 - Step 859, loss_total 3.69734239578
Epoch 5 - Step 879, loss_total 3.60856819153
Epoch 5 - Step 899, loss_total 3.67288827896
Epoch 5 - Step 919, loss_total 3.63967394829
Epoch 5 - Step 939, loss_total 3.63394522667
Epoch 5 - Step 959, loss_total 3.62619638443
Epoch 5 - Step 979, loss_total 3.65626907349
Epoch 5 - Step 999, loss_total 3.60813069344
Epoch 5 - Step 1019, loss_total 3.57606863976
Epoch 5 - Step 1039, loss_total 3.68671679497
Epoch 5 - Step 1059, loss_total 3.70400238037
Epoch 5 - Step 1079, loss_total 3.61890387535
Epoch 5 - Step 1099, loss_total 3.62293481827
Epoch 5 - Step 1119, loss_total 3.66321539879
Epoch 5 - Step 1139, loss_total 3.61826300621
Epoch 5 - Step 1159, loss_total 3.65066218376
Epoch 5 - Step 1179, loss_total 3.62446403503
Epoch 5 - Step 1199, loss_total 3.67462277412
Epoch 5 - Step 1219, loss_total 3.56251120567
Epoch 5 - Step 1239, loss_total 3.62321209908
Epoch 5 - Step 1259, loss_total 3.69250416756
Epoch 5 - Step 1279, loss_total 3.61088490486
Epoch 5 - Step 1299, loss_total 3.63170409203
Epoch 5 - Step 1319, loss_total 3.59180998802
Epoch 5 - Step 1339, loss_total 3.55498933792
Epoch 5 - Step 1359, loss_total 3.68521499634
Epoch 5 - Step 1379, loss_total 3.66006779671
Epoch 5 - Step 1399, loss_total 3.5229344368
Epoch 5 - Step 1419, loss_total 3.68176198006
Epoch 5 - Step 1439, loss_total 3.60663533211
Epoch 5 - Step 1459, loss_total 3.55534911156
Epoch 5 - Step 1479, loss_total 3.63847088814
Epoch 5 - Step 1499, loss_total 3.68151473999
Epoch 5 - Step 1519, loss_total 3.66906929016
Epoch 5 - Step 1539, loss_total 3.66197085381
Epoch 5 - Step 1559, loss_total 3.66990351677
Epoch 5 - Step 1579, loss_total 3.64305043221
Epoch 5 - Step 1599, loss_total 3.55875754356
Epoch 5 - Step 1619, loss_total 3.58707427979
Epoch 5 - Step 1639, loss_total 3.62788748741
Epoch 5 - Step 1659, loss_total 3.56382727623
Epoch 5 - Step 1679, loss_total 3.5617852211
Epoch 5 - Step 1699, loss_total 3.66681170464
Epoch 5 - Step 1719, loss_total 3.54368448257
Epoch 5 - Step 1739, loss_total 3.64340591431
Epoch 5 - Step 1759, loss_total 3.58823513985
Epoch 5 - Step 1779, loss_total 3.64648103714
Epoch 5 - Step 1799, loss_total 3.6655087471
Epoch 5 - Step 1819, loss_total 3.61842393875
Epoch 5 - Step 1839, loss_total 3.62367892265
Epoch 5 - Step 1859, loss_total 3.64885830879
Epoch 5 - Step 1879, loss_total 3.61564517021
Epoch 5 - Step 1899, loss_total 3.68471980095
Epoch 5 - Step 1919, loss_total 3.6308453083
Epoch 5 - Step 1939, loss_total 3.56035423279
Epoch 5 - Step 1959, loss_total 3.61129951477
Epoch 5 - Step 1979, loss_total 3.59909749031
Epoch 5 - Step 1999, loss_total 3.61025476456
Epoch 5 - Step 2019, loss_total 3.61314821243
Epoch 5 - Step 2039, loss_total 3.6096560955
Epoch 5 - Step 2059, loss_total 3.66666460037
Epoch 5 - Step 2079, loss_total 3.61213803291
Epoch 5 - Step 2099, loss_total 3.64892649651
Epoch 5 - Step 2119, loss_total 3.67374038696
Epoch 5 - Step 2139, loss_total 3.58809065819
Epoch 5 - Step 2159, loss_total 3.59550833702
Epoch 5 - Step 2179, loss_total 3.57653427124
Epoch 5 - Step 2199, loss_total 3.56326460838
Epoch 5 - Step 2219, loss_total 3.60264253616
Epoch 5 - Step 2239, loss_total 3.55025482178
Epoch 5 - Step 2259, loss_total 3.61147236824
Epoch 5 - Step 2279, loss_total 3.61385536194
Epoch 5 - Step 2299, loss_total 3.69047546387
Epoch 5 - Step 2319, loss_total 3.48617434502
Epoch 5 - Step 2339, loss_total 3.56591415405
Epoch 5 - Step 2359, loss_total 3.61977744102
Epoch 5 - Step 2379, loss_total 3.60361266136
Epoch 5 - Step 2399, loss_total 3.64219927788
Epoch 5 - Step 2419, loss_total 3.65269398689
Epoch 5 - Step 2439, loss_total 3.65794157982
Epoch 5 - Step 2459, loss_total 3.56921052933
Epoch 5 - Step 2479, loss_total 3.65632629395
Epoch 5 - Step 2499, loss_total 3.58475422859
Epoch 5 - Step 2519, loss_total 3.59261751175
Epoch 5 - Step 2539, loss_total 3.69367790222
Epoch 5 - Step 2559, loss_total 3.67584109306
Epoch 5 - Step 2579, loss_total 3.64875411987
Epoch 5 - Step 2599, loss_total 3.5944519043
Epoch 5 - Step 2619, loss_total 3.60061335564
Epoch 5 - Step 2639, loss_total 3.59760713577
Epoch 5 - Step 2659, loss_total 3.65053677559
Epoch 5 - Step 2679, loss_total 3.6755027771
Epoch 5 - Step 2699, loss_total 3.66387343407
Epoch 5 - Step 2719, loss_total 3.60305666924
Epoch 5 - Step 2739, loss_total 3.62799835205
Epoch 5 - Step 2759, loss_total 3.6661427021
Epoch 5 - Step 2779, loss_total 3.67807555199
Epoch 5 - Step 2799, loss_total 3.64907121658
Epoch 5 - Step 2819, loss_total 3.56956720352
Epoch 5 - Step 2839, loss_total 3.66812109947
Epoch 5 - Step 2859, loss_total 3.67639923096
Epoch 5 - Step 2879, loss_total 3.54722595215
Epoch 5 - Step 2899, loss_total 3.59065246582
Epoch 5 - Step 2919, loss_total 3.63962864876
Epoch 5 - Step 2939, loss_total 3.59635806084
Epoch 5 - Step 2959, loss_total 3.63074231148
Epoch 5 - Step 2979, loss_total 3.59869837761
Epoch 5 - Step 2999, loss_total 3.64280104637
Validation After Epoch 5 - step 3000
           IoU      on validation set:  0.5433507252394717
less than 2:  0
Epoch 5 - Step 3019, loss_total 3.62361693382
Epoch 5 - Step 3039, loss_total 3.67112421989
Epoch 5 - Step 3059, loss_total 3.64380335808
Epoch 5 - Step 3079, loss_total 3.62945628166
Epoch 5 - Step 3099, loss_total 3.62889075279
Epoch 5 - Step 3119, loss_total 3.62776947021
Epoch 5 - Step 3139, loss_total 3.63825106621
Epoch 5 - Step 3159, loss_total 3.60529375076
Epoch 5 - Step 3179, loss_total 3.59740638733
Epoch 5 - Step 3199, loss_total 3.66834378242
Epoch 5 - Step 3219, loss_total 3.60878992081
Epoch 5 - Step 3239, loss_total 3.60127186775
Epoch 5 - Step 3259, loss_total 3.66966867447
Epoch 5 - Step 3279, loss_total 3.63549470901
Epoch 5 - Step 3299, loss_total 3.57040405273
Epoch 5 - Step 3319, loss_total 3.63531470299
Epoch 5 - Step 3339, loss_total 3.60667014122
Epoch 5 - Step 3359, loss_total 3.69750905037
Epoch 5 - Step 3379, loss_total 3.65513205528
Epoch 5 - Step 3399, loss_total 3.58303236961
Epoch 5 - Step 3419, loss_total 3.61355829239
Epoch 5 - Step 3439, loss_total 3.56045889854
Epoch 5 - Step 3459, loss_total 3.59065675735
Epoch 5 - Step 3479, loss_total 3.55379867554
Epoch 5 - Step 3499, loss_total 3.56669807434
Epoch 5 - Step 3519, loss_total 3.54380655289
Epoch 5 - Step 3539, loss_total 3.61256766319
Epoch 5 - Step 3559, loss_total 3.58366560936
Epoch 5 - Step 3579, loss_total 3.64653086662
Epoch 5 - Step 3599, loss_total 3.53166770935
Epoch 5 - Step 3619, loss_total 3.66477823257
Epoch 5 - Step 3639, loss_total 3.62199378014
Epoch 5 - Step 3659, loss_total 3.61400008202
Epoch 5 - Step 3679, loss_total 3.54711842537
Epoch 5 - Step 3699, loss_total 3.66776275635
Epoch 5 - Step 3719, loss_total 3.72227597237
Epoch 5 - Step 3739, loss_total 3.58795237541
Epoch 5 - Step 3759, loss_total 3.60337877274
Epoch 5 - Step 3779, loss_total 3.60619211197
Epoch 5 - Step 3799, loss_total 3.63898825645
Epoch 5 - Step 3819, loss_total 3.66861796379
Epoch 5 - Step 3839, loss_total 3.57518053055
Epoch 5 - Step 3859, loss_total 3.57125782967
Epoch 5 - Step 3879, loss_total 3.61994552612
Epoch 5 - Step 3899, loss_total 3.63279342651
Epoch 5 - Step 3919, loss_total 3.62688612938
Epoch 5 - Step 3939, loss_total 3.67511057854
Epoch 5 - Step 3959, loss_total 3.57139182091
Epoch 5 - Step 3979, loss_total 3.66187262535
Epoch 5 - Step 3999, loss_total 3.6092209816
Epoch 5 - Step 4019, loss_total 3.61423754692
Epoch 5 - Step 4039, loss_total 3.65989732742
Epoch 5 - Step 4059, loss_total 3.66608858109
Epoch 5 - Step 4079, loss_total 3.70713210106
Epoch 5 - Step 4099, loss_total 3.6019256115
Epoch 5 - Step 4119, loss_total 3.6450252533
Epoch 5 - Step 4139, loss_total 3.66072010994
Epoch 5 - Step 4159, loss_total 3.59498214722
Epoch 5 - Step 4179, loss_total 3.55723834038
Epoch 5 - Step 4199, loss_total 3.66542434692
Epoch 5 - Step 4219, loss_total 3.70481562614
Epoch 5 - Step 4239, loss_total 3.66893315315
Epoch 5 - Step 4259, loss_total 3.60721182823
Epoch 5 - Step 4279, loss_total 3.64777636528
Epoch 5 - Step 4299, loss_total 3.62607169151
Epoch 5 - Step 4319, loss_total 3.65203142166
Epoch 5 - Step 4339, loss_total 3.65855789185
Epoch 5 - Step 4359, loss_total 3.62429213524
Epoch 5 - Step 4379, loss_total 3.61375164986
Epoch 5 - Step 4399, loss_total 3.57786345482
Epoch 5 - Step 4419, loss_total 3.68017506599
Epoch 5 - Step 4439, loss_total 3.57360386848
Epoch 5 - Step 4459, loss_total 3.61707997322
Epoch 5 - Step 4479, loss_total 3.67897677422
Epoch 5 - Step 4499, loss_total 3.54885149002
Epoch 5 - Step 4519, loss_total 3.6492421627
Epoch 5 - Step 4539, loss_total 3.59206199646
Epoch 5 - Step 4559, loss_total 3.61310958862
Epoch 5 - Step 4579, loss_total 3.69618988037
Epoch 5 - Step 4599, loss_total 3.6448533535
Epoch 5 - Step 4619, loss_total 3.62031531334
Epoch 5 - Step 4639, loss_total 3.6456246376
Epoch 5 - Step 4659, loss_total 3.61600804329
Epoch 5 - Step 4679, loss_total 3.68778014183
Epoch 5 - Step 4699, loss_total 3.56754374504
Epoch 5 - Step 4719, loss_total 3.57608413696
Epoch 5 - Step 4739, loss_total 3.63055920601
Epoch 5 - Step 4759, loss_total 3.58186602592
Epoch 5 - Step 4779, loss_total 3.65379714966
Epoch 5 - Step 4799, loss_total 3.62969589233
Epoch 5 - Step 4819, loss_total 3.59900856018
Epoch 5 - Step 4839, loss_total 3.71098136902
Epoch 5 - Step 4859, loss_total 3.71158385277
Epoch 5 - Step 4879, loss_total 3.65923309326
Epoch 5 - Step 4899, loss_total 3.59634971619
Epoch 5 - Step 4919, loss_total 3.62617993355
Epoch 5 - Step 4939, loss_total 3.56900262833
Epoch 5 - Step 4959, loss_total 3.70428824425
Epoch 5 - Step 4979, loss_total 3.6976723671
Epoch 5 - Step 4999, loss_total 3.58428621292
Epoch 5 - Step 5019, loss_total 3.52681159973
Epoch 5 - Step 5039, loss_total 3.53703045845
Epoch 5 - Step 5059, loss_total 3.63091468811
Epoch 5 - Step 5079, loss_total 3.61450123787
Epoch 5 - Step 5099, loss_total 3.70132803917
Epoch 5 - Step 5119, loss_total 3.57049417496
Epoch 5 - Step 5139, loss_total 3.60599637032
Epoch 5 - Step 5159, loss_total 3.55228543282
Epoch 5 - Step 5179, loss_total 3.4803071022
Epoch 5 - Step 5199, loss_total 3.63435602188
Epoch 5 - Step 5219, loss_total 3.67336726189
Epoch 5 - Step 5239, loss_total 3.65282797813
Epoch 5 - Step 5259, loss_total 3.5495994091
Epoch 5 - Step 5279, loss_total 3.64308929443
Epoch 5 - Step 5299, loss_total 3.63787961006
Epoch 5 - Step 5319, loss_total 3.62759447098
Epoch 5 - Step 5339, loss_total 3.59461331367
Epoch 5 - Step 5359, loss_total 3.61950731277
Epoch 5 - Step 5379, loss_total 3.59230852127
Epoch 5 - Step 5399, loss_total 3.60544085503
Epoch 5 - Step 5419, loss_total 3.61791658401
Epoch 5 - Step 5439, loss_total 3.60864520073
Epoch 5 - Step 5459, loss_total 3.51816177368
Epoch 5 - Step 5479, loss_total 3.6321618557
Epoch 5 - Step 5499, loss_total 3.59639525414
Epoch 5 - Step 5519, loss_total 3.60860800743
Epoch 5 - Step 5539, loss_total 3.58450555801
Epoch 5 - Step 5559, loss_total 3.64530038834
Epoch 5 - Step 5579, loss_total 3.67573428154
Epoch 5 - Step 5599, loss_total 3.60278701782
Epoch 5 - Step 5619, loss_total 3.5878880024
Epoch 5 - Step 5639, loss_total 3.60434341431
Epoch 5 - Step 5659, loss_total 3.6415412426
Epoch 5 - Step 5679, loss_total 3.68794608116
Epoch 5 - Step 5699, loss_total 3.6382958889
Epoch 5 - Step 5719, loss_total 3.70914077759
Epoch 5 - Step 5739, loss_total 3.62318086624
Epoch 5 - Step 5759, loss_total 3.59322619438
Epoch 5 - Step 5779, loss_total 3.58073544502
Epoch 5 - Step 5799, loss_total 3.63181376457
Epoch 5 - Step 5819, loss_total 3.66290926933
Epoch 5 - Step 5839, loss_total 3.64994597435
Epoch 5 - Step 5859, loss_total 3.62829256058
Epoch 5 - Step 5879, loss_total 3.59664392471
Epoch 5 - Step 5899, loss_total 3.5920548439
Epoch 5 - Step 5919, loss_total 3.66390109062
Epoch 5 - Step 5939, loss_total 3.69071578979
Epoch 5 - Step 5959, loss_total 3.66592383385
Epoch 5 - Step 5979, loss_total 3.64888620377
Epoch 5 - Step 5999, loss_total 3.63413691521
Validation After Epoch 5 - step 6000
           IoU      on validation set:  0.5628080912090264
less than 2:  1
Epoch 5 - Step 6019, loss_total 3.68246459961
Epoch 5 - Step 6039, loss_total 3.62012910843

Epoch 5 Completed!

Epoch 6 - Step 19, loss_total 3.56227374077
Epoch 6 - Step 39, loss_total 3.63459467888
Epoch 6 - Step 59, loss_total 3.49209785461
Epoch 6 - Step 79, loss_total 3.49317240715
Epoch 6 - Step 99, loss_total 3.47508478165
Epoch 6 - Step 119, loss_total 3.40447211266
Epoch 6 - Step 139, loss_total 3.483314991
Epoch 6 - Step 159, loss_total 3.45733046532
Epoch 6 - Step 179, loss_total 3.45669984818
Epoch 6 - Step 199, loss_total 3.40912127495
Epoch 6 - Step 219, loss_total 3.48368263245
Epoch 6 - Step 239, loss_total 3.44924211502
Epoch 6 - Step 259, loss_total 3.47766113281
Epoch 6 - Step 279, loss_total 3.51869058609
Epoch 6 - Step 299, loss_total 3.46030235291
Epoch 6 - Step 319, loss_total 3.52318358421
Epoch 6 - Step 339, loss_total 3.41539502144
Epoch 6 - Step 359, loss_total 3.47022247314
Epoch 6 - Step 379, loss_total 3.45698523521
Epoch 6 - Step 399, loss_total 3.43016815186
Epoch 6 - Step 419, loss_total 3.47675514221
Epoch 6 - Step 439, loss_total 3.42465949059
Epoch 6 - Step 459, loss_total 3.41983866692
Epoch 6 - Step 479, loss_total 3.4794113636
Epoch 6 - Step 499, loss_total 3.39901328087
Epoch 6 - Step 519, loss_total 3.40782284737
Epoch 6 - Step 539, loss_total 3.42738318443
Epoch 6 - Step 559, loss_total 3.39644098282
Epoch 6 - Step 579, loss_total 3.47066688538
Epoch 6 - Step 599, loss_total 3.44641184807
Epoch 6 - Step 619, loss_total 3.43657422066
Epoch 6 - Step 639, loss_total 3.42883372307
Epoch 6 - Step 659, loss_total 3.45346260071
Epoch 6 - Step 679, loss_total 3.49372839928
Epoch 6 - Step 699, loss_total 3.40960884094
Epoch 6 - Step 719, loss_total 3.37757182121
Epoch 6 - Step 739, loss_total 3.40504717827
Epoch 6 - Step 759, loss_total 3.4126727581
Epoch 6 - Step 779, loss_total 3.34482359886
Epoch 6 - Step 799, loss_total 3.40976643562
Epoch 6 - Step 819, loss_total 3.40501403809
Epoch 6 - Step 839, loss_total 3.42824149132
Epoch 6 - Step 859, loss_total 3.45894289017
Epoch 6 - Step 879, loss_total 3.43211483955
Epoch 6 - Step 899, loss_total 3.42482995987
Epoch 6 - Step 919, loss_total 3.39807248116
Epoch 6 - Step 939, loss_total 3.36308932304
Epoch 6 - Step 959, loss_total 3.42768836021
Epoch 6 - Step 979, loss_total 3.44608688354
Epoch 6 - Step 999, loss_total 3.52626466751
Epoch 6 - Step 1019, loss_total 3.41397285461
Epoch 6 - Step 1039, loss_total 3.46664476395
Epoch 6 - Step 1059, loss_total 3.44898223877
Epoch 6 - Step 1079, loss_total 3.41109013557
Epoch 6 - Step 1099, loss_total 3.42062687874
Epoch 6 - Step 1119, loss_total 3.3586628437
Epoch 6 - Step 1139, loss_total 3.43040919304
Epoch 6 - Step 1159, loss_total 3.50518107414
Epoch 6 - Step 1179, loss_total 3.43424987793
Epoch 6 - Step 1199, loss_total 3.42642378807
Epoch 6 - Step 1219, loss_total 3.41854715347
Epoch 6 - Step 1239, loss_total 3.42769169807
Epoch 6 - Step 1259, loss_total 3.44666266441
Epoch 6 - Step 1279, loss_total 3.44783139229
Epoch 6 - Step 1299, loss_total 3.43745589256
Epoch 6 - Step 1319, loss_total 3.48479318619
Epoch 6 - Step 1339, loss_total 3.43996167183
Epoch 6 - Step 1359, loss_total 3.35586929321
Epoch 6 - Step 1379, loss_total 3.44715619087
Epoch 6 - Step 1399, loss_total 3.41122055054
Epoch 6 - Step 1419, loss_total 3.39296984673
Epoch 6 - Step 1439, loss_total 3.49530410767
Epoch 6 - Step 1459, loss_total 3.38250041008
Epoch 6 - Step 1479, loss_total 3.40763163567
Epoch 6 - Step 1499, loss_total 3.37713503838
Epoch 6 - Step 1519, loss_total 3.43086862564
Epoch 6 - Step 1539, loss_total 3.37534785271
Epoch 6 - Step 1559, loss_total 3.40812349319
Epoch 6 - Step 1579, loss_total 3.4108684063
Epoch 6 - Step 1599, loss_total 3.46666502953
Epoch 6 - Step 1619, loss_total 3.43529510498
Epoch 6 - Step 1639, loss_total 3.44190096855
Epoch 6 - Step 1659, loss_total 3.47762107849
Epoch 6 - Step 1679, loss_total 3.43188214302
Epoch 6 - Step 1699, loss_total 3.35039305687
Epoch 6 - Step 1719, loss_total 3.40969705582
Epoch 6 - Step 1739, loss_total 3.49225997925
Epoch 6 - Step 1759, loss_total 3.38078570366
Epoch 6 - Step 1779, loss_total 3.33982920647
Epoch 6 - Step 1799, loss_total 3.48992466927
Epoch 6 - Step 1819, loss_total 3.38211870193
Epoch 6 - Step 1839, loss_total 3.3782646656
Epoch 6 - Step 1859, loss_total 3.45946955681
Epoch 6 - Step 1879, loss_total 3.38762450218
Epoch 6 - Step 1899, loss_total 3.40114021301
Epoch 6 - Step 1919, loss_total 3.46429371834
Epoch 6 - Step 1939, loss_total 3.38683056831
Epoch 6 - Step 1959, loss_total 3.36934781075
Epoch 6 - Step 1979, loss_total 3.4167163372
Epoch 6 - Step 1999, loss_total 3.38556075096
Epoch 6 - Step 2019, loss_total 3.39613080025
Epoch 6 - Step 2039, loss_total 3.39322900772
Epoch 6 - Step 2059, loss_total 3.43417048454
Epoch 6 - Step 2079, loss_total 3.41473460197
Epoch 6 - Step 2099, loss_total 3.39051055908
Epoch 6 - Step 2119, loss_total 3.40469908714
Epoch 6 - Step 2139, loss_total 3.39568018913
Epoch 6 - Step 2159, loss_total 3.3206551075
Epoch 6 - Step 2179, loss_total 3.35616087914
Epoch 6 - Step 2199, loss_total 3.45306253433
Epoch 6 - Step 2219, loss_total 3.35643386841
Epoch 6 - Step 2239, loss_total 3.34277844429
Epoch 6 - Step 2259, loss_total 3.41608667374
Epoch 6 - Step 2279, loss_total 3.3926513195
Epoch 6 - Step 2299, loss_total 3.39542007446
Epoch 6 - Step 2319, loss_total 3.45902705193
Epoch 6 - Step 2339, loss_total 3.44504594803
Epoch 6 - Step 2359, loss_total 3.37507486343
Epoch 6 - Step 2379, loss_total 3.44727563858
Epoch 6 - Step 2399, loss_total 3.49981307983
Epoch 6 - Step 2419, loss_total 3.41441583633
Epoch 6 - Step 2439, loss_total 3.36865115166
Epoch 6 - Step 2459, loss_total 3.47167015076
Epoch 6 - Step 2479, loss_total 3.41833353043
Epoch 6 - Step 2499, loss_total 3.46441650391
Epoch 6 - Step 2519, loss_total 3.4651825428
Epoch 6 - Step 2539, loss_total 3.3990676403
Epoch 6 - Step 2559, loss_total 3.46127748489
Epoch 6 - Step 2579, loss_total 3.35912871361
Epoch 6 - Step 2599, loss_total 3.501537323
Epoch 6 - Step 2619, loss_total 3.40544390678
Epoch 6 - Step 2639, loss_total 3.35614013672
Epoch 6 - Step 2659, loss_total 3.36028981209
Epoch 6 - Step 2679, loss_total 3.4709956646
Epoch 6 - Step 2699, loss_total 3.44835639
Epoch 6 - Step 2719, loss_total 3.42313075066
Epoch 6 - Step 2739, loss_total 3.43914413452
Epoch 6 - Step 2759, loss_total 3.44692492485
Epoch 6 - Step 2779, loss_total 3.37119674683
Epoch 6 - Step 2799, loss_total 3.43664336205
Epoch 6 - Step 2819, loss_total 3.40156793594
Epoch 6 - Step 2839, loss_total 3.37716341019
Epoch 6 - Step 2859, loss_total 3.39163064957
Epoch 6 - Step 2879, loss_total 3.44401597977
Epoch 6 - Step 2899, loss_total 3.4521279335
Epoch 6 - Step 2919, loss_total 3.3712041378
Epoch 6 - Step 2939, loss_total 3.35753512383
Epoch 6 - Step 2959, loss_total 3.384141922
Epoch 6 - Step 2979, loss_total 3.37066078186
Epoch 6 - Step 2999, loss_total 3.40325593948
Validation After Epoch 6 - step 3000
           IoU      on validation set:  0.6060563038942592
less than 2:  2
Saving training parameters after this epoch:
Epoch 6 - Step 3019, loss_total 3.38136219978
Epoch 6 - Step 3039, loss_total 3.38125610352
Epoch 6 - Step 3059, loss_total 3.36417460442
Epoch 6 - Step 3079, loss_total 3.39466357231
Epoch 6 - Step 3099, loss_total 3.39608430862
Epoch 6 - Step 3119, loss_total 3.37271857262
Epoch 6 - Step 3139, loss_total 3.31635928154
Epoch 6 - Step 3159, loss_total 3.39913225174
Epoch 6 - Step 3179, loss_total 3.43488001823
Epoch 6 - Step 3199, loss_total 3.41003656387
Epoch 6 - Step 3219, loss_total 3.4531993866
Epoch 6 - Step 3239, loss_total 3.3538506031
Epoch 6 - Step 3259, loss_total 3.40803456306
Epoch 6 - Step 3279, loss_total 3.38480806351
Epoch 6 - Step 3299, loss_total 3.46854519844
Epoch 6 - Step 3319, loss_total 3.42126584053
Epoch 6 - Step 3339, loss_total 3.41552329063
Epoch 6 - Step 3359, loss_total 3.44733119011
Epoch 6 - Step 3379, loss_total 3.4955804348
Epoch 6 - Step 3399, loss_total 3.40191197395
Epoch 6 - Step 3419, loss_total 3.41583609581
Epoch 6 - Step 3439, loss_total 3.45259523392
Epoch 6 - Step 3459, loss_total 3.41444253922
Epoch 6 - Step 3479, loss_total 3.45357871056
Epoch 6 - Step 3499, loss_total 3.41466641426
Epoch 6 - Step 3519, loss_total 3.39460253716
Epoch 6 - Step 3539, loss_total 3.36263895035
Epoch 6 - Step 3559, loss_total 3.34903216362
Epoch 6 - Step 3579, loss_total 3.44833350182
Epoch 6 - Step 3599, loss_total 3.37583971024
Epoch 6 - Step 3619, loss_total 3.38064193726
Epoch 6 - Step 3639, loss_total 3.43090057373
Epoch 6 - Step 3659, loss_total 3.39433336258
Epoch 6 - Step 3679, loss_total 3.49748086929
Epoch 6 - Step 3699, loss_total 3.36958885193
Epoch 6 - Step 3719, loss_total 3.37221598625
Epoch 6 - Step 3739, loss_total 3.45994925499
Epoch 6 - Step 3759, loss_total 3.41044664383
Epoch 6 - Step 3779, loss_total 3.38624620438
Epoch 6 - Step 3799, loss_total 3.44443178177
Epoch 6 - Step 3819, loss_total 3.3199505806
Epoch 6 - Step 3839, loss_total 3.37613534927
Epoch 6 - Step 3859, loss_total 3.37039637566
Epoch 6 - Step 3879, loss_total 3.33224081993
Epoch 6 - Step 3899, loss_total 3.42519927025
Epoch 6 - Step 3919, loss_total 3.35439610481
Epoch 6 - Step 3939, loss_total 3.33392906189
Epoch 6 - Step 3959, loss_total 3.45751643181
Epoch 6 - Step 3979, loss_total 3.39242625237
Epoch 6 - Step 3999, loss_total 3.45763325691
Epoch 6 - Step 4019, loss_total 3.4434876442
Epoch 6 - Step 4039, loss_total 3.45095944405
Epoch 6 - Step 4059, loss_total 3.38819766045
Epoch 6 - Step 4079, loss_total 3.41252017021
Epoch 6 - Step 4099, loss_total 3.35892343521
Epoch 6 - Step 4119, loss_total 3.37220644951
Epoch 6 - Step 4139, loss_total 3.37833476067
Epoch 6 - Step 4159, loss_total 3.37925887108
Epoch 6 - Step 4179, loss_total 3.41003537178
Epoch 6 - Step 4199, loss_total 3.37013602257
Epoch 6 - Step 4219, loss_total 3.44590830803
Epoch 6 - Step 4239, loss_total 3.4560315609
Epoch 6 - Step 4259, loss_total 3.41264796257
Epoch 6 - Step 4279, loss_total 3.41515541077
Epoch 6 - Step 4299, loss_total 3.31615233421
Epoch 6 - Step 4319, loss_total 3.36281442642
Epoch 6 - Step 4339, loss_total 3.41263008118
Epoch 6 - Step 4359, loss_total 3.43305134773
Epoch 6 - Step 4379, loss_total 3.28835344315
Epoch 6 - Step 4399, loss_total 3.38520359993
Epoch 6 - Step 4419, loss_total 3.35908555984
Epoch 6 - Step 4439, loss_total 3.40937280655
Epoch 6 - Step 4459, loss_total 3.40557909012
Epoch 6 - Step 4479, loss_total 3.38129782677
Epoch 6 - Step 4499, loss_total 3.35824894905
Epoch 6 - Step 4519, loss_total 3.46030807495
Epoch 6 - Step 4539, loss_total 3.38310408592
Epoch 6 - Step 4559, loss_total 3.33580136299
Epoch 6 - Step 4579, loss_total 3.36954283714
Epoch 6 - Step 4599, loss_total 3.35948061943
Epoch 6 - Step 4619, loss_total 3.411059618
Epoch 6 - Step 4639, loss_total 3.33270573616
Epoch 6 - Step 4659, loss_total 3.34404420853
Epoch 6 - Step 4679, loss_total 3.38397789001
Epoch 6 - Step 4699, loss_total 3.41092228889
Epoch 6 - Step 4719, loss_total 3.4206032753
Epoch 6 - Step 4739, loss_total 3.39788293839
Epoch 6 - Step 4759, loss_total 3.43016624451
Epoch 6 - Step 4779, loss_total 3.35736250877
Epoch 6 - Step 4799, loss_total 3.43806123734
Epoch 6 - Step 4819, loss_total 3.41479611397
Epoch 6 - Step 4839, loss_total 3.40331578255
Epoch 6 - Step 4859, loss_total 3.42164158821
Epoch 6 - Step 4879, loss_total 3.41396069527
Epoch 6 - Step 4899, loss_total 3.36564612389
Epoch 6 - Step 4919, loss_total 3.37905693054
Epoch 6 - Step 4939, loss_total 3.39326286316
Epoch 6 - Step 4959, loss_total 3.42692041397
Epoch 6 - Step 4979, loss_total 3.45568060875
Epoch 6 - Step 4999, loss_total 3.39881205559
Epoch 6 - Step 5019, loss_total 3.38193869591
Epoch 6 - Step 5039, loss_total 3.39077043533
Epoch 6 - Step 5059, loss_total 3.41682672501
Epoch 6 - Step 5079, loss_total 3.40697789192
Epoch 6 - Step 5099, loss_total 3.42910957336
Epoch 6 - Step 5119, loss_total 3.34453129768
Epoch 6 - Step 5139, loss_total 3.41499781609
Epoch 6 - Step 5159, loss_total 3.38680648804
Epoch 6 - Step 5179, loss_total 3.46365618706
Epoch 6 - Step 5199, loss_total 3.41327834129
Epoch 6 - Step 5219, loss_total 3.35334444046
Epoch 6 - Step 5239, loss_total 3.39054346085
Epoch 6 - Step 5259, loss_total 3.37612271309
Epoch 6 - Step 5279, loss_total 3.37991452217
Epoch 6 - Step 5299, loss_total 3.41664123535
Epoch 6 - Step 5319, loss_total 3.36579680443
Epoch 6 - Step 5339, loss_total 3.46545577049
Epoch 6 - Step 5359, loss_total 3.424254179
Epoch 6 - Step 5379, loss_total 3.33435869217
Epoch 6 - Step 5399, loss_total 3.39694452286
Epoch 6 - Step 5419, loss_total 3.35270810127
Epoch 6 - Step 5439, loss_total 3.39312410355
Epoch 6 - Step 5459, loss_total 3.34971404076
Epoch 6 - Step 5479, loss_total 3.44364237785
Epoch 6 - Step 5499, loss_total 3.38966798782
Epoch 6 - Step 5519, loss_total 3.48650145531
Epoch 6 - Step 5539, loss_total 3.3744263649
Epoch 6 - Step 5559, loss_total 3.42072916031
Epoch 6 - Step 5579, loss_total 3.47625160217
Epoch 6 - Step 5599, loss_total 3.37082338333
Epoch 6 - Step 5619, loss_total 3.43798685074
Epoch 6 - Step 5639, loss_total 3.37163209915
